Command line invocation:
    /Applications/Xcode.app/Contents/Developer/usr/bin/xcodebuild -workspace /Users/fernando.pena/Developer/repos/PomeloCardsReactNativeDemo/ios/PomeloCardsReactNativeDemo.xcworkspace -configuration Debug -scheme PomeloCardsReactNativeDemo -destination id=34FC1AAF-BC4E-4723-9542-225501C25B79

User defaults from command line:
    IDEPackageSupportUseBuiltinSCM = YES

Prepare packages

Computing target dependency graph and provisioning inputs

Create build description
Build description signature: 9d5fccda70e4b62d4c47bc742f5ceccc
Build description path: /Users/fernando.pena/Library/Developer/Xcode/DerivedData/PomeloCardsReactNativeDemo-gaeafgybiiemxzducexxhfyaxpat/Build/Intermediates.noindex/XCBuildData/9d5fccda70e4b62d4c47bc742f5ceccc-desc.xcbuild

note: Building targets in dependency order
warning: Run script build phase 'Bundle React Native code and images' will be run during every build because it does not specify any outputs. To address this warning, either add output dependencies to the script phase, or configure it to run in every build by unchecking "Based on dependency analysis" in the script phase. (in target 'PomeloCardsReactNativeDemo' from project 'PomeloCardsReactNativeDemo')
warning: Run script build phase 'Start Packager' will be run during every build because it does not specify any outputs. To address this warning, either add output dependencies to the script phase, or configure it to run in every build by unchecking "Based on dependency analysis" in the script phase. (in target 'PomeloCardsReactNativeDemo' from project 'PomeloCardsReactNativeDemo')
PhaseScriptExecution Start\ Packager /Users/fernando.pena/Library/Developer/Xcode/DerivedData/PomeloCardsReactNativeDemo-gaeafgybiiemxzducexxhfyaxpat/Build/Intermediates.noindex/PomeloCardsReactNativeDemo.build/Debug-iphonesimulator/PomeloCardsReactNativeDemo.build/Script-FD10A7F022414F080027D42C.sh (in target 'PomeloCardsReactNativeDemo' from project 'PomeloCardsReactNativeDemo')
    cd /Users/fernando.pena/Developer/repos/PomeloCardsReactNativeDemo/ios
    /bin/sh -c /Users/fernando.pena/Library/Developer/Xcode/DerivedData/PomeloCardsReactNativeDemo-gaeafgybiiemxzducexxhfyaxpat/Build/Intermediates.noindex/PomeloCardsReactNativeDemo.build/Debug-iphonesimulator/PomeloCardsReactNativeDemo.build/Script-FD10A7F022414F080027D42C.sh

Ld /Users/fernando.pena/Library/Developer/Xcode/DerivedData/PomeloCardsReactNativeDemo-gaeafgybiiemxzducexxhfyaxpat/Build/Products/Debug-iphonesimulator/PomeloCardsReactNativeDemo.app/PomeloCardsReactNativeDemo normal (in target 'PomeloCardsReactNativeDemo' from project 'PomeloCardsReactNativeDemo')
    cd /Users/fernando.pena/Developer/repos/PomeloCardsReactNativeDemo/ios
    /Applications/Xcode.app/Contents/Developer/Toolchains/XcodeDefault.xctoolchain/usr/bin/clang++ -target arm64-apple-ios12.4-simulator -isysroot /Applications/Xcode.app/Contents/Developer/Platforms/iPhoneSimulator.platform/Developer/SDKs/iPhoneSimulator16.2.sdk -L/Users/fernando.pena/Library/Developer/Xcode/DerivedData/PomeloCardsReactNativeDemo-gaeafgybiiemxzducexxhfyaxpat/Build/Intermediates.noindex/EagerLinkingTBDs -L/Users/fernando.pena/Library/Developer/Xcode/DerivedData/PomeloCardsReactNativeDemo-gaeafgybiiemxzducexxhfyaxpat/Build/Products/Debug-iphonesimulator -L/Applications/Xcode.app/Contents/Developer/Platforms/iPhoneSimulator.platform/Developer/SDKs/iPhoneSimulator16.2.sdk/usr/lib/swift -L/Applications/Xcode.app/Contents/Developer/Toolchains/XcodeDefault.xctoolchain/usr/lib/swift/iphonesimulator -L/Applications/Xcode.app/Contents/Developer/Toolchains/XcodeDefault.xctoolchain/usr/lib/swift/iphonesimulator -L/Users/fernando.pena/Library/Developer/Xcode/DerivedData/PomeloCardsReactNativeDemo-gaeafgybiiemxzducexxhfyaxpat/Build/Products/Debug-iphonesimulator/CocoaAsyncSocket -L/Users/fernando.pena/Library/Developer/Xcode/DerivedData/PomeloCardsReactNativeDemo-gaeafgybiiemxzducexxhfyaxpat/Build/Products/Debug-iphonesimulator/DoubleConversion -L/Users/fernando.pena/Library/Developer/Xcode/DerivedData/PomeloCardsReactNativeDemo-gaeafgybiiemxzducexxhfyaxpat/Build/Products/Debug-iphonesimulator/Flipper -L/Users/fernando.pena/Library/Developer/Xcode/DerivedData/PomeloCardsReactNativeDemo-gaeafgybiiemxzducexxhfyaxpat/Build/Products/Debug-iphonesimulator/Flipper-Boost-iOSX -L/Users/fernando.pena/Library/Developer/Xcode/DerivedData/PomeloCardsReactNativeDemo-gaeafgybiiemxzducexxhfyaxpat/Build/Products/Debug-iphonesimulator/Flipper-Fmt -L/Users/fernando.pena/Library/Developer/Xcode/DerivedData/PomeloCardsReactNativeDemo-gaeafgybiiemxzducexxhfyaxpat/Build/Products/Debug-iphonesimulator/Flipper-Folly -L/Users/fernando.pena/Library/Developer/Xcode/DerivedData/PomeloCardsReactNativeDemo-gaeafgybiiemxzducexxhfyaxpat/Build/Products/Debug-iphonesimulator/Flipper-PeerTalk -L/Users/fernando.pena/Library/Developer/Xcode/DerivedData/PomeloCardsReactNativeDemo-gaeafgybiiemxzducexxhfyaxpat/Build/Products/Debug-iphonesimulator/Flipper-RSocket -L/Users/fernando.pena/Library/Developer/Xcode/DerivedData/PomeloCardsReactNativeDemo-gaeafgybiiemxzducexxhfyaxpat/Build/Products/Debug-iphonesimulator/FlipperKit -L/Users/fernando.pena/Library/Developer/Xcode/DerivedData/PomeloCardsReactNativeDemo-gaeafgybiiemxzducexxhfyaxpat/Build/Products/Debug-iphonesimulator/RCT-Folly -L/Users/fernando.pena/Library/Developer/Xcode/DerivedData/PomeloCardsReactNativeDemo-gaeafgybiiemxzducexxhfyaxpat/Build/Products/Debug-iphonesimulator/RCTTypeSafety -L/Users/fernando.pena/Library/Developer/Xcode/DerivedData/PomeloCardsReactNativeDemo-gaeafgybiiemxzducexxhfyaxpat/Build/Products/Debug-iphonesimulator/React-Codegen -L/Users/fernando.pena/Library/Developer/Xcode/DerivedData/PomeloCardsReactNativeDemo-gaeafgybiiemxzducexxhfyaxpat/Build/Products/Debug-iphonesimulator/React-Core -L/Users/fernando.pena/Library/Developer/Xcode/DerivedData/PomeloCardsReactNativeDemo-gaeafgybiiemxzducexxhfyaxpat/Build/Products/Debug-iphonesimulator/React-CoreModules -L/Users/fernando.pena/Library/Developer/Xcode/DerivedData/PomeloCardsReactNativeDemo-gaeafgybiiemxzducexxhfyaxpat/Build/Products/Debug-iphonesimulator/React-RCTAnimation -L/Users/fernando.pena/Library/Developer/Xcode/DerivedData/PomeloCardsReactNativeDemo-gaeafgybiiemxzducexxhfyaxpat/Build/Products/Debug-iphonesimulator/React-RCTAppDelegate -L/Users/fernando.pena/Library/Developer/Xcode/DerivedData/PomeloCardsReactNativeDemo-gaeafgybiiemxzducexxhfyaxpat/Build/Products/Debug-iphonesimulator/React-RCTBlob -L/Users/fernando.pena/Library/Developer/Xcode/DerivedData/PomeloCardsReactNativeDemo-gaeafgybiiemxzducexxhfyaxpat/Build/Products/Debug-iphonesimulator/React-RCTImage -L/Users/fernando.pena/Library/Developer/Xcode/DerivedData/PomeloCardsReactNativeDemo-gaeafgybiiemxzducexxhfyaxpat/Build/Products/Debug-iphonesimulator/React-RCTLinking -L/Users/fernando.pena/Library/Developer/Xcode/DerivedData/PomeloCardsReactNativeDemo-gaeafgybiiemxzducexxhfyaxpat/Build/Products/Debug-iphonesimulator/React-RCTNetwork -L/Users/fernando.pena/Library/Developer/Xcode/DerivedData/PomeloCardsReactNativeDemo-gaeafgybiiemxzducexxhfyaxpat/Build/Products/Debug-iphonesimulator/React-RCTSettings -L/Users/fernando.pena/Library/Developer/Xcode/DerivedData/PomeloCardsReactNativeDemo-gaeafgybiiemxzducexxhfyaxpat/Build/Products/Debug-iphonesimulator/React-RCTText -L/Users/fernando.pena/Library/Developer/Xcode/DerivedData/PomeloCardsReactNativeDemo-gaeafgybiiemxzducexxhfyaxpat/Build/Products/Debug-iphonesimulator/React-RCTVibration -L/Users/fernando.pena/Library/Developer/Xcode/DerivedData/PomeloCardsReactNativeDemo-gaeafgybiiemxzducexxhfyaxpat/Build/Products/Debug-iphonesimulator/React-cxxreact -L/Users/fernando.pena/Library/Developer/Xcode/DerivedData/PomeloCardsReactNativeDemo-gaeafgybiiemxzducexxhfyaxpat/Build/Products/Debug-iphonesimulator/React-hermes -L/Users/fernando.pena/Library/Developer/Xcode/DerivedData/PomeloCardsReactNativeDemo-gaeafgybiiemxzducexxhfyaxpat/Build/Products/Debug-iphonesimulator/React-jsi -L/Users/fernando.pena/Library/Developer/Xcode/DerivedData/PomeloCardsReactNativeDemo-gaeafgybiiemxzducexxhfyaxpat/Build/Products/Debug-iphonesimulator/React-jsiexecutor -L/Users/fernando.pena/Library/Developer/Xcode/DerivedData/PomeloCardsReactNativeDemo-gaeafgybiiemxzducexxhfyaxpat/Build/Products/Debug-iphonesimulator/React-jsinspector -L/Users/fernando.pena/Library/Developer/Xcode/DerivedData/PomeloCardsReactNativeDemo-gaeafgybiiemxzducexxhfyaxpat/Build/Products/Debug-iphonesimulator/React-logger -L/Users/fernando.pena/Library/Developer/Xcode/DerivedData/PomeloCardsReactNativeDemo-gaeafgybiiemxzducexxhfyaxpat/Build/Products/Debug-iphonesimulator/React-perflogger -L/Users/fernando.pena/Library/Developer/Xcode/DerivedData/PomeloCardsReactNativeDemo-gaeafgybiiemxzducexxhfyaxpat/Build/Products/Debug-iphonesimulator/ReactCommon -L/Users/fernando.pena/Library/Developer/Xcode/DerivedData/PomeloCardsReactNativeDemo-gaeafgybiiemxzducexxhfyaxpat/Build/Products/Debug-iphonesimulator/SocketRocket -L/Users/fernando.pena/Library/Developer/Xcode/DerivedData/PomeloCardsReactNativeDemo-gaeafgybiiemxzducexxhfyaxpat/Build/Products/Debug-iphonesimulator/Yoga -L/Users/fernando.pena/Library/Developer/Xcode/DerivedData/PomeloCardsReactNativeDemo-gaeafgybiiemxzducexxhfyaxpat/Build/Products/Debug-iphonesimulator/YogaKit -L/Users/fernando.pena/Library/Developer/Xcode/DerivedData/PomeloCardsReactNativeDemo-gaeafgybiiemxzducexxhfyaxpat/Build/Products/Debug-iphonesimulator/fmt -L/Users/fernando.pena/Library/Developer/Xcode/DerivedData/PomeloCardsReactNativeDemo-gaeafgybiiemxzducexxhfyaxpat/Build/Products/Debug-iphonesimulator/glog -L/Users/fernando.pena/Library/Developer/Xcode/DerivedData/PomeloCardsReactNativeDemo-gaeafgybiiemxzducexxhfyaxpat/Build/Products/Debug-iphonesimulator/libevent -L/Applications/Xcode.app/Contents/Developer/Platforms/iPhoneSimulator.platform/Developer/SDKs/iPhoneSimulator16.2.sdk/usr/lib/swift -F/Users/fernando.pena/Library/Developer/Xcode/DerivedData/PomeloCardsReactNativeDemo-gaeafgybiiemxzducexxhfyaxpat/Build/Intermediates.noindex/EagerLinkingTBDs -F/Users/fernando.pena/Library/Developer/Xcode/DerivedData/PomeloCardsReactNativeDemo-gaeafgybiiemxzducexxhfyaxpat/Build/Products/Debug-iphonesimulator -F/Users/fernando.pena/Developer/repos/PomeloCardsReactNativeDemo/ios/Pods/Flipper-DoubleConversion/Frameworks -F/Users/fernando.pena/Developer/repos/PomeloCardsReactNativeDemo/ios/Pods/Flipper-Glog/Frameworks -F/Users/fernando.pena/Developer/repos/PomeloCardsReactNativeDemo/ios/Pods/OpenSSL-Universal/Frameworks -F/Users/fernando.pena/Developer/repos/PomeloCardsReactNativeDemo/ios/Pods/hermes-engine/destroot/Library/Frameworks/universal -F/Users/fernando.pena/Library/Developer/Xcode/DerivedData/PomeloCardsReactNativeDemo-gaeafgybiiemxzducexxhfyaxpat/Build/Products/Debug-iphonesimulator/XCFrameworkIntermediates/Flipper-DoubleConversion -F/Users/fernando.pena/Library/Developer/Xcode/DerivedData/PomeloCardsReactNativeDemo-gaeafgybiiemxzducexxhfyaxpat/Build/Products/Debug-iphonesimulator/XCFrameworkIntermediates/Flipper-Glog -F/Users/fernando.pena/Library/Developer/Xcode/DerivedData/PomeloCardsReactNativeDemo-gaeafgybiiemxzducexxhfyaxpat/Build/Products/Debug-iphonesimulator/XCFrameworkIntermediates/OpenSSL-Universal -F/Users/fernando.pena/Library/Developer/Xcode/DerivedData/PomeloCardsReactNativeDemo-gaeafgybiiemxzducexxhfyaxpat/Build/Products/Debug-iphonesimulator/XCFrameworkIntermediates/hermes-engine/Pre-built -filelist /Users/fernando.pena/Library/Developer/Xcode/DerivedData/PomeloCardsReactNativeDemo-gaeafgybiiemxzducexxhfyaxpat/Build/Intermediates.noindex/PomeloCardsReactNativeDemo.build/Debug-iphonesimulator/PomeloCardsReactNativeDemo.build/Objects-normal/arm64/PomeloCardsReactNativeDemo.LinkFileList -Xlinker -rpath -Xlinker /usr/lib/swift -Xlinker -rpath -Xlinker /usr/lib/swift -Xlinker -rpath -Xlinker @executable_path/Frameworks -Xlinker -rpath -Xlinker @loader_path/Frameworks -Xlinker -rpath -Xlinker @executable_path/Frameworks -dead_strip -Xlinker -object_path_lto -Xlinker /Users/fernando.pena/Library/Developer/Xcode/DerivedData/PomeloCardsReactNativeDemo-gaeafgybiiemxzducexxhfyaxpat/Build/Intermediates.noindex/PomeloCardsReactNativeDemo.build/Debug-iphonesimulator/PomeloCardsReactNativeDemo.build/Objects-normal/arm64/PomeloCardsReactNativeDemo_lto.o -Xlinker -export_dynamic -Xlinker -no_deduplicate -Xlinker -objc_abi_version -Xlinker 2 -fobjc-arc -fobjc-link-runtime -ObjC -lCocoaAsyncSocket -lDoubleConversion -lFlipper -lFlipper-Boost-iOSX -lFlipper-Fmt -lFlipper-Folly -lFlipper-PeerTalk -lFlipper-RSocket -lFlipperKit -lRCT-Folly -lRCTTypeSafety -lReact-Codegen -lReact-Core -lReact-CoreModules -lReact-RCTAnimation -lReact-RCTAppDelegate -lReact-RCTBlob -lReact-RCTImage -lReact-RCTLinking -lReact-RCTNetwork -lReact-RCTSettings -lReact-RCTText -lReact-RCTVibration -lReact-cxxreact -lReact-hermes -lReact-jsi -lReact-jsiexecutor -lReact-jsinspector -lReact-logger -lReact-perflogger -lReactCommon -lSocketRocket -lYoga -lYogaKit -lc++ -lc++abi -lfmt -lglog -licucore -llibevent -lstdc++ -framework AudioToolbox -framework CFNetwork -framework JavaScriptCore -framework MobileCoreServices -framework OpenSSL -framework Security -framework UIKit -framework double-conversion -framework glog -framework hermes -ObjC -lc++ -Xlinker -sectcreate -Xlinker __TEXT -Xlinker __entitlements -Xlinker /Users/fernando.pena/Library/Developer/Xcode/DerivedData/PomeloCardsReactNativeDemo-gaeafgybiiemxzducexxhfyaxpat/Build/Intermediates.noindex/PomeloCardsReactNativeDemo.build/Debug-iphonesimulator/PomeloCardsReactNativeDemo.build/PomeloCardsReactNativeDemo.app-Simulated.xcent -Xlinker -sectcreate -Xlinker __TEXT -Xlinker __ents_der -Xlinker /Users/fernando.pena/Library/Developer/Xcode/DerivedData/PomeloCardsReactNativeDemo-gaeafgybiiemxzducexxhfyaxpat/Build/Intermediates.noindex/PomeloCardsReactNativeDemo.build/Debug-iphonesimulator/PomeloCardsReactNativeDemo.build/PomeloCardsReactNativeDemo.app-Simulated.xcent.der -lPods-PomeloCardsReactNativeDemo -Xlinker -no_adhoc_codesign -Xlinker -dependency_info -Xlinker /Users/fernando.pena/Library/Developer/Xcode/DerivedData/PomeloCardsReactNativeDemo-gaeafgybiiemxzducexxhfyaxpat/Build/Intermediates.noindex/PomeloCardsReactNativeDemo.build/Debug-iphonesimulator/PomeloCardsReactNativeDemo.build/Objects-normal/arm64/PomeloCardsReactNativeDemo_dependency_info.dat -o /Users/fernando.pena/Library/Developer/Xcode/DerivedData/PomeloCardsReactNativeDemo-gaeafgybiiemxzducexxhfyaxpat/Build/Products/Debug-iphonesimulator/PomeloCardsReactNativeDemo.app/PomeloCardsReactNativeDemo
ld: warning: duplicate symbol 'folly::detail::str_to_bool(folly::Range<char const*>*)' in:
    /Users/fernando.pena/Library/Developer/Xcode/DerivedData/PomeloCardsReactNativeDemo-gaeafgybiiemxzducexxhfyaxpat/Build/Products/Debug-iphonesimulator/Flipper-Folly/libFlipper-Folly.a(Conv.o)
    /Users/fernando.pena/Library/Developer/Xcode/DerivedData/PomeloCardsReactNativeDemo-gaeafgybiiemxzducexxhfyaxpat/Build/Products/Debug-iphonesimulator/RCT-Folly/libRCT-Folly.a(Conv.o)
ld: warning: duplicate symbol 'folly::makeConversionError(folly::ConversionCode, folly::Range<char const*>)' in:
    /Users/fernando.pena/Library/Developer/Xcode/DerivedData/PomeloCardsReactNativeDemo-gaeafgybiiemxzducexxhfyaxpat/Build/Products/Debug-iphonesimulator/Flipper-Folly/libFlipper-Folly.a(Conv.o)
    /Users/fernando.pena/Library/Developer/Xcode/DerivedData/PomeloCardsReactNativeDemo-gaeafgybiiemxzducexxhfyaxpat/Build/Products/Debug-iphonesimulator/RCT-Folly/libRCT-Folly.a(Conv.o)
ld: warning: duplicate symbol 'folly::exception_wrapper::from_exception_ptr(std::exception_ptr&&)' in:
    /Users/fernando.pena/Library/Developer/Xcode/DerivedData/PomeloCardsReactNativeDemo-gaeafgybiiemxzducexxhfyaxpat/Build/Products/Debug-iphonesimulator/Flipper-Folly/libFlipper-Folly.a(ExceptionWrapper.o)
    /Users/fernando.pena/Library/Developer/Xcode/DerivedData/PomeloCardsReactNativeDemo-gaeafgybiiemxzducexxhfyaxpat/Build/Products/Debug-iphonesimulator/RCT-Folly/libRCT-Folly.a(ExceptionWrapper.o)
ld: warning: duplicate symbol 'folly::exception_wrapper::from_exception_ptr(std::exception_ptr const&)' in:
    /Users/fernando.pena/Library/Developer/Xcode/DerivedData/PomeloCardsReactNativeDemo-gaeafgybiiemxzducexxhfyaxpat/Build/Products/Debug-iphonesimulator/Flipper-Folly/libFlipper-Folly.a(ExceptionWrapper.o)
    /Users/fernando.pena/Library/Developer/Xcode/DerivedData/PomeloCardsReactNativeDemo-gaeafgybiiemxzducexxhfyaxpat/Build/Products/Debug-iphonesimulator/RCT-Folly/libRCT-Folly.a(ExceptionWrapper.o)
ld: warning: duplicate symbol 'folly::exception_wrapper::onNoExceptionError(char const*)' in:
    /Users/fernando.pena/Library/Developer/Xcode/DerivedData/PomeloCardsReactNativeDemo-gaeafgybiiemxzducexxhfyaxpat/Build/Products/Debug-iphonesimulator/Flipper-Folly/libFlipper-Folly.a(ExceptionWrapper.o)
    /Users/fernando.pena/Library/Developer/Xcode/DerivedData/PomeloCardsReactNativeDemo-gaeafgybiiemxzducexxhfyaxpat/Build/Products/Debug-iphonesimulator/RCT-Folly/libRCT-Folly.a(ExceptionWrapper.o)
ld: warning: duplicate symbol 'folly::exceptionStr(folly::exception_wrapper const&)' in:
    /Users/fernando.pena/Library/Developer/Xcode/DerivedData/PomeloCardsReactNativeDemo-gaeafgybiiemxzducexxhfyaxpat/Build/Products/Debug-iphonesimulator/Flipper-Folly/libFlipper-Folly.a(ExceptionWrapper.o)
    /Users/fernando.pena/Library/Developer/Xcode/DerivedData/PomeloCardsReactNativeDemo-gaeafgybiiemxzducexxhfyaxpat/Build/Products/Debug-iphonesimulator/RCT-Folly/libRCT-Folly.a(ExceptionWrapper.o)
ld: warning: duplicate symbol 'folly::exception_wrapper::uninit_' in:
    /Users/fernando.pena/Library/Developer/Xcode/DerivedData/PomeloCardsReactNativeDemo-gaeafgybiiemxzducexxhfyaxpat/Build/Products/Debug-iphonesimulator/Flipper-Folly/libFlipper-Folly.a(ExceptionWrapper.o)
    /Users/fernando.pena/Library/Developer/Xcode/DerivedData/PomeloCardsReactNativeDemo-gaeafgybiiemxzducexxhfyaxpat/Build/Products/Debug-iphonesimulator/RCT-Folly/libRCT-Folly.a(ExceptionWrapper.o)
ld: warning: duplicate symbol 'folly::exception_wrapper::ExceptionPtr::ops_' in:
    /Users/fernando.pena/Library/Developer/Xcode/DerivedData/PomeloCardsReactNativeDemo-gaeafgybiiemxzducexxhfyaxpat/Build/Products/Debug-iphonesimulator/Flipper-Folly/libFlipper-Folly.a(ExceptionWrapper.o)
    /Users/fernando.pena/Library/Developer/Xcode/DerivedData/PomeloCardsReactNativeDemo-gaeafgybiiemxzducexxhfyaxpat/Build/Products/Debug-iphonesimulator/RCT-Folly/libRCT-Folly.a(ExceptionWrapper.o)
ld: warning: duplicate symbol 'folly::exception_wrapper::SharedPtr::ops_' in:
    /Users/fernando.pena/Library/Developer/Xcode/DerivedData/PomeloCardsReactNativeDemo-gaeafgybiiemxzducexxhfyaxpat/Build/Products/Debug-iphonesimulator/Flipper-Folly/libFlipper-Folly.a(ExceptionWrapper.o)
    /Users/fernando.pena/Library/Developer/Xcode/DerivedData/PomeloCardsReactNativeDemo-gaeafgybiiemxzducexxhfyaxpat/Build/Products/Debug-iphonesimulator/RCT-Folly/libRCT-Folly.a(ExceptionWrapper.o)

PhaseScriptExecution Bundle\ React\ Native\ code\ and\ images /Users/fernando.pena/Library/Developer/Xcode/DerivedData/PomeloCardsReactNativeDemo-gaeafgybiiemxzducexxhfyaxpat/Build/Intermediates.noindex/PomeloCardsReactNativeDemo.build/Debug-iphonesimulator/PomeloCardsReactNativeDemo.build/Script-00DD1BFF1BD5951E006B06BC.sh (in target 'PomeloCardsReactNativeDemo' from project 'PomeloCardsReactNativeDemo')
    cd /Users/fernando.pena/Developer/repos/PomeloCardsReactNativeDemo/ios
    export ACTION\=build
    export AD_HOC_CODE_SIGNING_ALLOWED\=YES
    export ALLOW_TARGET_PLATFORM_SPECIALIZATION\=NO
    export ALTERNATE_GROUP\=staff
    export ALTERNATE_MODE\=u+w,go-w,a+rX
    export ALTERNATE_OWNER\=fernando.pena
    export ALWAYS_EMBED_SWIFT_STANDARD_LIBRARIES\=YES
    export ALWAYS_SEARCH_USER_PATHS\=NO
    export ALWAYS_USE_SEPARATE_HEADERMAPS\=NO
    export APPLE_INTERNAL_DEVELOPER_DIR\=/AppleInternal/Developer
    export APPLE_INTERNAL_DIR\=/AppleInternal
    export APPLE_INTERNAL_DOCUMENTATION_DIR\=/AppleInternal/Documentation
    export APPLE_INTERNAL_LIBRARY_DIR\=/AppleInternal/Library
    export APPLE_INTERNAL_TOOLS\=/AppleInternal/Developer/Tools
    export APPLICATION_EXTENSION_API_ONLY\=NO
    export APPLY_RULES_IN_COPY_FILES\=NO
    export APPLY_RULES_IN_COPY_HEADERS\=NO
    export ARCHS\=arm64
    export ARCHS_STANDARD\=arm64\ x86_64
    export ARCHS_STANDARD_32_64_BIT\=arm64\ i386\ x86_64
    export ARCHS_STANDARD_32_BIT\=i386
    export ARCHS_STANDARD_64_BIT\=arm64\ x86_64
    export ARCHS_STANDARD_INCLUDING_64_BIT\=arm64\ x86_64
    export ARCHS_UNIVERSAL_IPHONE_OS\=arm64\ i386\ x86_64
    export ASSETCATALOG_COMPILER_APPICON_NAME\=AppIcon
    export ASSETCATALOG_FILTER_FOR_DEVICE_MODEL\=iPhone14,7
    export ASSETCATALOG_FILTER_FOR_DEVICE_OS_VERSION\=16.2
    export ASSETCATALOG_FILTER_FOR_THINNING_DEVICE_CONFIGURATION\=iPhone14,7
    export AVAILABLE_PLATFORMS\=appletvos\ appletvsimulator\ driverkit\ iphoneos\ iphonesimulator\ macosx\ watchos\ watchsimulator
    export AppIdentifierPrefix\=DYK4W76333.
    export BITCODE_GENERATION_MODE\=marker
    export BUILD_ACTIVE_RESOURCES_ONLY\=YES
    export BUILD_COMPONENTS\=headers\ build
    export BUILD_DIR\=/Users/fernando.pena/Library/Developer/Xcode/DerivedData/PomeloCardsReactNativeDemo-gaeafgybiiemxzducexxhfyaxpat/Build/Products
    export BUILD_LIBRARY_FOR_DISTRIBUTION\=NO
    export BUILD_ROOT\=/Users/fernando.pena/Library/Developer/Xcode/DerivedData/PomeloCardsReactNativeDemo-gaeafgybiiemxzducexxhfyaxpat/Build/Products
    export BUILD_STYLE\=
    export BUILD_VARIANTS\=normal
    export BUILT_PRODUCTS_DIR\=/Users/fernando.pena/Library/Developer/Xcode/DerivedData/PomeloCardsReactNativeDemo-gaeafgybiiemxzducexxhfyaxpat/Build/Products/Debug-iphonesimulator
    export BUNDLE_CONTENTS_FOLDER_PATH_deep\=Contents/
    export BUNDLE_EXECUTABLE_FOLDER_NAME_deep\=MacOS
    export BUNDLE_EXTENSIONS_FOLDER_PATH\=Extensions
    export BUNDLE_FORMAT\=shallow
    export BUNDLE_FRAMEWORKS_FOLDER_PATH\=Frameworks
    export BUNDLE_PLUGINS_FOLDER_PATH\=PlugIns
    export BUNDLE_PRIVATE_HEADERS_FOLDER_PATH\=PrivateHeaders
    export BUNDLE_PUBLIC_HEADERS_FOLDER_PATH\=Headers
    export CACHE_ROOT\=/var/folders/xn/0bb4c1nx6bl91zktmmzdbksc0000gn/C/com.apple.DeveloperTools/14.2-14C18/Xcode
    export CCHROOT\=/var/folders/xn/0bb4c1nx6bl91zktmmzdbksc0000gn/C/com.apple.DeveloperTools/14.2-14C18/Xcode
    export CHMOD\=/bin/chmod
    export CHOWN\=/usr/sbin/chown
    export CLANG_ANALYZER_LOCALIZABILITY_NONLOCALIZED\=YES
    export CLANG_CXX_LANGUAGE_STANDARD\=c++17
    export CLANG_CXX_LIBRARY\=compiler-default
    export CLANG_ENABLE_MODULES\=YES
    export CLANG_ENABLE_OBJC_ARC\=YES
    export CLANG_MODULES_BUILD_SESSION_FILE\=/Users/fernando.pena/Library/Developer/Xcode/DerivedData/ModuleCache.noindex/Session.modulevalidation
    export CLANG_WARN_BLOCK_CAPTURE_AUTORELEASING\=YES
    export CLANG_WARN_BOOL_CONVERSION\=YES
    export CLANG_WARN_COMMA\=YES
    export CLANG_WARN_CONSTANT_CONVERSION\=YES
    export CLANG_WARN_DEPRECATED_OBJC_IMPLEMENTATIONS\=YES
    export CLANG_WARN_DIRECT_OBJC_ISA_USAGE\=YES_ERROR
    export CLANG_WARN_EMPTY_BODY\=YES
    export CLANG_WARN_ENUM_CONVERSION\=YES
    export CLANG_WARN_INFINITE_RECURSION\=YES
    export CLANG_WARN_INT_CONVERSION\=YES
    export CLANG_WARN_NON_LITERAL_NULL_CONVERSION\=YES
    export CLANG_WARN_OBJC_IMPLICIT_RETAIN_SELF\=YES
    export CLANG_WARN_OBJC_LITERAL_CONVERSION\=YES
    export CLANG_WARN_OBJC_ROOT_CLASS\=YES_ERROR
    export CLANG_WARN_QUOTED_INCLUDE_IN_FRAMEWORK_HEADER\=NO
    export CLANG_WARN_RANGE_LOOP_ANALYSIS\=YES
    export CLANG_WARN_STRICT_PROTOTYPES\=YES
    export CLANG_WARN_SUSPICIOUS_MOVE\=YES
    export CLANG_WARN_UNREACHABLE_CODE\=YES
    export CLANG_WARN__DUPLICATE_METHOD_MATCH\=YES
    export CLASS_FILE_DIR\=/Users/fernando.pena/Library/Developer/Xcode/DerivedData/PomeloCardsReactNativeDemo-gaeafgybiiemxzducexxhfyaxpat/Build/Intermediates.noindex/PomeloCardsReactNativeDemo.build/Debug-iphonesimulator/PomeloCardsReactNativeDemo.build/JavaClasses
    export CLEAN_PRECOMPS\=YES
    export CLONE_HEADERS\=NO
    export CODESIGNING_FOLDER_PATH\=/Users/fernando.pena/Library/Developer/Xcode/DerivedData/PomeloCardsReactNativeDemo-gaeafgybiiemxzducexxhfyaxpat/Build/Products/Debug-iphonesimulator/PomeloCardsReactNativeDemo.app
    export CODE_SIGNING_ALLOWED\=YES
    export CODE_SIGNING_REQUIRED\=YES
    export CODE_SIGN_CONTEXT_CLASS\=XCiPhoneSimulatorCodeSignContext
    export CODE_SIGN_IDENTITY\=-
    export CODE_SIGN_INJECT_BASE_ENTITLEMENTS\=YES
    export COLOR_DIAGNOSTICS\=NO
    export COMBINE_HIDPI_IMAGES\=NO
    export COMPILER_INDEX_STORE_ENABLE\=Default
    export COMPOSITE_SDK_DIRS\=/Users/fernando.pena/Library/Developer/Xcode/DerivedData/PomeloCardsReactNativeDemo-gaeafgybiiemxzducexxhfyaxpat/Build/Intermediates.noindex/CompositeSDKs
    export COMPRESS_PNG_FILES\=YES
    export CONFIGURATION\=Debug
    export CONFIGURATION_BUILD_DIR\=/Users/fernando.pena/Library/Developer/Xcode/DerivedData/PomeloCardsReactNativeDemo-gaeafgybiiemxzducexxhfyaxpat/Build/Products/Debug-iphonesimulator
    export CONFIGURATION_TEMP_DIR\=/Users/fernando.pena/Library/Developer/Xcode/DerivedData/PomeloCardsReactNativeDemo-gaeafgybiiemxzducexxhfyaxpat/Build/Intermediates.noindex/PomeloCardsReactNativeDemo.build/Debug-iphonesimulator
    export CONTENTS_FOLDER_PATH\=PomeloCardsReactNativeDemo.app
    export CONTENTS_FOLDER_PATH_SHALLOW_BUNDLE_NO\=PomeloCardsReactNativeDemo.app/Contents
    export CONTENTS_FOLDER_PATH_SHALLOW_BUNDLE_YES\=PomeloCardsReactNativeDemo.app
    export COPYING_PRESERVES_HFS_DATA\=NO
    export COPY_HEADERS_RUN_UNIFDEF\=NO
    export COPY_PHASE_STRIP\=NO
    export COPY_RESOURCES_FROM_STATIC_FRAMEWORKS\=YES
    export CORRESPONDING_DEVICE_PLATFORM_DIR\=/Applications/Xcode.app/Contents/Developer/Platforms/iPhoneOS.platform
    export CORRESPONDING_DEVICE_PLATFORM_NAME\=iphoneos
    export CORRESPONDING_DEVICE_SDK_DIR\=/Applications/Xcode.app/Contents/Developer/Platforms/iPhoneOS.platform/Developer/SDKs/iPhoneOS16.2.sdk
    export CORRESPONDING_DEVICE_SDK_NAME\=iphoneos16.2
    export CP\=/bin/cp
    export CREATE_INFOPLIST_SECTION_IN_BINARY\=NO
    export CURRENT_ARCH\=undefined_arch
    export CURRENT_PROJECT_VERSION\=1
    export CURRENT_VARIANT\=normal
    export DEAD_CODE_STRIPPING\=YES
    export DEBUGGING_SYMBOLS\=YES
    export DEBUG_INFORMATION_FORMAT\=dwarf-with-dsym
    export DEFAULT_COMPILER\=com.apple.compilers.llvm.clang.1_0
    export DEFAULT_DEXT_INSTALL_PATH\=/System/Library/DriverExtensions
    export DEFAULT_KEXT_INSTALL_PATH\=/System/Library/Extensions
    export DEFINES_MODULE\=NO
    export DEPLOYMENT_LOCATION\=NO
    export DEPLOYMENT_POSTPROCESSING\=NO
    export DEPLOYMENT_TARGET_SETTING_NAME\=IPHONEOS_DEPLOYMENT_TARGET
    export DEPLOYMENT_TARGET_SUGGESTED_VALUES\=11.0\ 11.1\ 11.2\ 11.3\ 11.4\ 12.0\ 12.1\ 12.2\ 12.3\ 12.4\ 13.0\ 13.1\ 13.2\ 13.3\ 13.4\ 13.5\ 13.6\ 14.0\ 14.1\ 14.2\ 14.3\ 14.4\ 14.5\ 14.6\ 14.7\ 15.0\ 15.1\ 15.2\ 15.3\ 15.4\ 15.5\ 15.6\ 16.0\ 16.1\ 16.2
    export DERIVED_FILES_DIR\=/Users/fernando.pena/Library/Developer/Xcode/DerivedData/PomeloCardsReactNativeDemo-gaeafgybiiemxzducexxhfyaxpat/Build/Intermediates.noindex/PomeloCardsReactNativeDemo.build/Debug-iphonesimulator/PomeloCardsReactNativeDemo.build/DerivedSources
    export DERIVED_FILE_DIR\=/Users/fernando.pena/Library/Developer/Xcode/DerivedData/PomeloCardsReactNativeDemo-gaeafgybiiemxzducexxhfyaxpat/Build/Intermediates.noindex/PomeloCardsReactNativeDemo.build/Debug-iphonesimulator/PomeloCardsReactNativeDemo.build/DerivedSources
    export DERIVED_SOURCES_DIR\=/Users/fernando.pena/Library/Developer/Xcode/DerivedData/PomeloCardsReactNativeDemo-gaeafgybiiemxzducexxhfyaxpat/Build/Intermediates.noindex/PomeloCardsReactNativeDemo.build/Debug-iphonesimulator/PomeloCardsReactNativeDemo.build/DerivedSources
    export DEVELOPER_APPLICATIONS_DIR\=/Applications/Xcode.app/Contents/Developer/Applications
    export DEVELOPER_BIN_DIR\=/Applications/Xcode.app/Contents/Developer/usr/bin
    export DEVELOPER_DIR\=/Applications/Xcode.app/Contents/Developer
    export DEVELOPER_FRAMEWORKS_DIR\=/Applications/Xcode.app/Contents/Developer/Library/Frameworks
    export DEVELOPER_FRAMEWORKS_DIR_QUOTED\=/Applications/Xcode.app/Contents/Developer/Library/Frameworks
    export DEVELOPER_LIBRARY_DIR\=/Applications/Xcode.app/Contents/Developer/Library
    export DEVELOPER_SDK_DIR\=/Applications/Xcode.app/Contents/Developer/Platforms/MacOSX.platform/Developer/SDKs
    export DEVELOPER_TOOLS_DIR\=/Applications/Xcode.app/Contents/Developer/Tools
    export DEVELOPER_USR_DIR\=/Applications/Xcode.app/Contents/Developer/usr
    export DEVELOPMENT_LANGUAGE\=en
    export DOCUMENTATION_FOLDER_PATH\=PomeloCardsReactNativeDemo.app/en.lproj/Documentation
    export DONT_GENERATE_INFOPLIST_FILE\=NO
    export DO_HEADER_SCANNING_IN_JAM\=NO
    export DSTROOT\=/tmp/PomeloCardsReactNativeDemo.dst
    export DT_TOOLCHAIN_DIR\=/Applications/Xcode.app/Contents/Developer/Toolchains/XcodeDefault.xctoolchain
    export DWARF_DSYM_FILE_NAME\=PomeloCardsReactNativeDemo.app.dSYM
    export DWARF_DSYM_FILE_SHOULD_ACCOMPANY_PRODUCT\=NO
    export DWARF_DSYM_FOLDER_PATH\=/Users/fernando.pena/Library/Developer/Xcode/DerivedData/PomeloCardsReactNativeDemo-gaeafgybiiemxzducexxhfyaxpat/Build/Products/Debug-iphonesimulator
    export DYNAMIC_LIBRARY_EXTENSION\=dylib
    export EAGER_LINKING\=NO
    export EFFECTIVE_PLATFORM_NAME\=-iphonesimulator
    export EMBEDDED_CONTENT_CONTAINS_SWIFT\=NO
    export EMBED_ASSET_PACKS_IN_PRODUCT_BUNDLE\=NO
    export ENABLE_APP_SANDBOX\=NO
    export ENABLE_BITCODE\=NO
    export ENABLE_DEFAULT_HEADER_SEARCH_PATHS\=YES
    export ENABLE_DEFAULT_SEARCH_PATHS\=YES
    export ENABLE_HARDENED_RUNTIME\=NO
    export ENABLE_HEADER_DEPENDENCIES\=YES
    export ENABLE_ON_DEMAND_RESOURCES\=YES
    export ENABLE_PREVIEWS\=NO
    export ENABLE_STRICT_OBJC_MSGSEND\=YES
    export ENABLE_TESTABILITY\=YES
    export ENABLE_TESTING_SEARCH_PATHS\=NO
    export ENABLE_USER_SCRIPT_SANDBOXING\=NO
    export ENTITLEMENTS_ALLOWED\=NO
    export ENTITLEMENTS_DESTINATION\=__entitlements
    export ENTITLEMENTS_REQUIRED\=NO
    export EXCLUDED_ARCHS\=i386
    export EXCLUDED_INSTALLSRC_SUBDIRECTORY_PATTERNS\=.DS_Store\ .svn\ .git\ .hg\ CVS
    export EXCLUDED_RECURSIVE_SEARCH_PATH_SUBDIRECTORIES\=\*.nib\ \*.lproj\ \*.framework\ \*.gch\ \*.xcode\*\ \*.xcassets\ \(\*\)\ .DS_Store\ CVS\ .svn\ .git\ .hg\ \*.pbproj\ \*.pbxproj
    export EXECUTABLES_FOLDER_PATH\=PomeloCardsReactNativeDemo.app/Executables
    export EXECUTABLE_FOLDER_PATH\=PomeloCardsReactNativeDemo.app
    export EXECUTABLE_FOLDER_PATH_SHALLOW_BUNDLE_NO\=PomeloCardsReactNativeDemo.app/MacOS
    export EXECUTABLE_FOLDER_PATH_SHALLOW_BUNDLE_YES\=PomeloCardsReactNativeDemo.app
    export EXECUTABLE_NAME\=PomeloCardsReactNativeDemo
    export EXECUTABLE_PATH\=PomeloCardsReactNativeDemo.app/PomeloCardsReactNativeDemo
    export EXPANDED_CODE_SIGN_IDENTITY\=-
    export EXPANDED_CODE_SIGN_IDENTITY_NAME\=-
    export EXTENSIONS_FOLDER_PATH\=PomeloCardsReactNativeDemo.app/Extensions
    export FILE_LIST\=/Users/fernando.pena/Library/Developer/Xcode/DerivedData/PomeloCardsReactNativeDemo-gaeafgybiiemxzducexxhfyaxpat/Build/Intermediates.noindex/PomeloCardsReactNativeDemo.build/Debug-iphonesimulator/PomeloCardsReactNativeDemo.build/Objects/LinkFileList
    export FIXED_FILES_DIR\=/Users/fernando.pena/Library/Developer/Xcode/DerivedData/PomeloCardsReactNativeDemo-gaeafgybiiemxzducexxhfyaxpat/Build/Intermediates.noindex/PomeloCardsReactNativeDemo.build/Debug-iphonesimulator/PomeloCardsReactNativeDemo.build/FixedFiles
    export FRAMEWORKS_FOLDER_PATH\=PomeloCardsReactNativeDemo.app/Frameworks
    export FRAMEWORK_FLAG_PREFIX\=-framework
    export FRAMEWORK_SEARCH_PATHS\=/Users/fernando.pena/Library/Developer/Xcode/DerivedData/PomeloCardsReactNativeDemo-gaeafgybiiemxzducexxhfyaxpat/Build/Products/Debug-iphonesimulator\ \ \"/Users/fernando.pena/Developer/repos/PomeloCardsReactNativeDemo/ios/Pods/Flipper-DoubleConversion/Frameworks\"\ \"/Users/fernando.pena/Developer/repos/PomeloCardsReactNativeDemo/ios/Pods/Flipper-Glog/Frameworks\"\ \"/Users/fernando.pena/Developer/repos/PomeloCardsReactNativeDemo/ios/Pods/OpenSSL-Universal/Frameworks\"\ \"/Users/fernando.pena/Developer/repos/PomeloCardsReactNativeDemo/ios/Pods/hermes-engine/destroot/Library/Frameworks/universal\"\ \"/Users/fernando.pena/Library/Developer/Xcode/DerivedData/PomeloCardsReactNativeDemo-gaeafgybiiemxzducexxhfyaxpat/Build/Products/Debug-iphonesimulator/XCFrameworkIntermediates/Flipper-DoubleConversion\"\ \"/Users/fernando.pena/Library/Developer/Xcode/DerivedData/PomeloCardsReactNativeDemo-gaeafgybiiemxzducexxhfyaxpat/Build/Products/Debug-iphonesimulator/XCFrameworkIntermediates/Flipper-Glog\"\ \"/Users/fernando.pena/Library/Developer/Xcode/DerivedData/PomeloCardsReactNativeDemo-gaeafgybiiemxzducexxhfyaxpat/Build/Products/Debug-iphonesimulator/XCFrameworkIntermediates/OpenSSL-Universal\"\ \"/Users/fernando.pena/Library/Developer/Xcode/DerivedData/PomeloCardsReactNativeDemo-gaeafgybiiemxzducexxhfyaxpat/Build/Products/Debug-iphonesimulator/XCFrameworkIntermediates/hermes-engine/Pre-built\"
    export FRAMEWORK_VERSION\=A
    export FULL_PRODUCT_NAME\=PomeloCardsReactNativeDemo.app
    export FUSE_BUILD_PHASES\=YES
    export FUSE_BUILD_SCRIPT_PHASES\=NO
    export GCC3_VERSION\=3.3
    export GCC_C_LANGUAGE_STANDARD\=gnu99
    export GCC_DYNAMIC_NO_PIC\=NO
    export GCC_INLINES_ARE_PRIVATE_EXTERN\=YES
    export GCC_NO_COMMON_BLOCKS\=YES
    export GCC_OBJC_LEGACY_DISPATCH\=YES
    export GCC_OPTIMIZATION_LEVEL\=0
    export GCC_PFE_FILE_C_DIALECTS\=c\ objective-c\ c++\ objective-c++
    export GCC_PREPROCESSOR_DEFINITIONS\=DEBUG\=1\ \ COCOAPODS\=1\ FB_SONARKIT_ENABLED\=1\ HERMES_ENABLE_DEBUGGER\=1
    export GCC_SYMBOLS_PRIVATE_EXTERN\=NO
    export GCC_TREAT_WARNINGS_AS_ERRORS\=NO
    export GCC_VERSION\=com.apple.compilers.llvm.clang.1_0
    export GCC_VERSION_IDENTIFIER\=com_apple_compilers_llvm_clang_1_0
    export GCC_WARN_64_TO_32_BIT_CONVERSION\=YES
    export GCC_WARN_ABOUT_RETURN_TYPE\=YES_ERROR
    export GCC_WARN_UNDECLARED_SELECTOR\=YES
    export GCC_WARN_UNINITIALIZED_AUTOS\=YES_AGGRESSIVE
    export GCC_WARN_UNUSED_FUNCTION\=YES
    export GCC_WARN_UNUSED_VARIABLE\=YES
    export GENERATED_MODULEMAP_DIR\=/Users/fernando.pena/Library/Developer/Xcode/DerivedData/PomeloCardsReactNativeDemo-gaeafgybiiemxzducexxhfyaxpat/Build/Intermediates.noindex/GeneratedModuleMaps-iphonesimulator
    export GENERATE_INFOPLIST_FILE\=NO
    export GENERATE_MASTER_OBJECT_FILE\=NO
    export GENERATE_PKGINFO_FILE\=YES
    export GENERATE_PROFILING_CODE\=NO
    export GENERATE_TEXT_BASED_STUBS\=NO
    export GID\=20
    export GROUP\=staff
    export HEADERMAP_INCLUDES_FLAT_ENTRIES_FOR_TARGET_BEING_BUILT\=YES
    export HEADERMAP_INCLUDES_FRAMEWORK_ENTRIES_FOR_ALL_PRODUCT_TYPES\=YES
    export HEADERMAP_INCLUDES_NONPUBLIC_NONPRIVATE_HEADERS\=YES
    export HEADERMAP_INCLUDES_PROJECT_HEADERS\=YES
    export HEADERMAP_USES_FRAMEWORK_PREFIX_ENTRIES\=YES
    export HEADERMAP_USES_VFS\=NO
    export HEADER_SEARCH_PATHS\=/Users/fernando.pena/Library/Developer/Xcode/DerivedData/PomeloCardsReactNativeDemo-gaeafgybiiemxzducexxhfyaxpat/Build/Products/Debug-iphonesimulator/include\ \ \"/Users/fernando.pena/Developer/repos/PomeloCardsReactNativeDemo/ios/Pods/Headers/Public\"\ \"/Users/fernando.pena/Developer/repos/PomeloCardsReactNativeDemo/ios/Pods/Headers/Public/CocoaAsyncSocket\"\ \"/Users/fernando.pena/Developer/repos/PomeloCardsReactNativeDemo/ios/Pods/Headers/Public/DoubleConversion\"\ \"/Users/fernando.pena/Developer/repos/PomeloCardsReactNativeDemo/ios/Pods/Headers/Public/FBLazyVector\"\ \"/Users/fernando.pena/Developer/repos/PomeloCardsReactNativeDemo/ios/Pods/Headers/Public/Flipper\"\ \"/Users/fernando.pena/Developer/repos/PomeloCardsReactNativeDemo/ios/Pods/Headers/Public/Flipper-Fmt\"\ \"/Users/fernando.pena/Developer/repos/PomeloCardsReactNativeDemo/ios/Pods/Headers/Public/Flipper-Folly\"\ \"/Users/fernando.pena/Developer/repos/PomeloCardsReactNativeDemo/ios/Pods/Headers/Public/Flipper-PeerTalk\"\ \"/Users/fernando.pena/Developer/repos/PomeloCardsReactNativeDemo/ios/Pods/Headers/Public/Flipper-RSocket\"\ \"/Users/fernando.pena/Developer/repos/PomeloCardsReactNativeDemo/ios/Pods/Headers/Public/FlipperKit\"\ \"/Users/fernando.pena/Developer/repos/PomeloCardsReactNativeDemo/ios/Pods/Headers/Public/RCT-Folly\"\ \"/Users/fernando.pena/Developer/repos/PomeloCardsReactNativeDemo/ios/Pods/Headers/Public/RCTRequired\"\ \"/Users/fernando.pena/Developer/repos/PomeloCardsReactNativeDemo/ios/Pods/Headers/Public/RCTTypeSafety\"\ \"/Users/fernando.pena/Developer/repos/PomeloCardsReactNativeDemo/ios/Pods/Headers/Public/React-Codegen\"\ \"/Users/fernando.pena/Developer/repos/PomeloCardsReactNativeDemo/ios/Pods/Headers/Public/React-Core\"\ \"/Users/fernando.pena/Developer/repos/PomeloCardsReactNativeDemo/ios/Pods/Headers/Public/React-RCTAnimation\"\ \"/Users/fernando.pena/Developer/repos/PomeloCardsReactNativeDemo/ios/Pods/Headers/Public/React-RCTAppDelegate\"\ \"/Users/fernando.pena/Developer/repos/PomeloCardsReactNativeDemo/ios/Pods/Headers/Public/React-RCTBlob\"\ \"/Users/fernando.pena/Developer/repos/PomeloCardsReactNativeDemo/ios/Pods/Headers/Public/React-RCTText\"\ \"/Users/fernando.pena/Developer/repos/PomeloCardsReactNativeDemo/ios/Pods/Headers/Public/React-callinvoker\"\ \"/Users/fernando.pena/Developer/repos/PomeloCardsReactNativeDemo/ios/Pods/Headers/Public/React-cxxreact\"\ \"/Users/fernando.pena/Developer/repos/PomeloCardsReactNativeDemo/ios/Pods/Headers/Public/React-hermes\"\ \"/Users/fernando.pena/Developer/repos/PomeloCardsReactNativeDemo/ios/Pods/Headers/Public/React-jsi\"\ \"/Users/fernando.pena/Developer/repos/PomeloCardsReactNativeDemo/ios/Pods/Headers/Public/React-jsiexecutor\"\ \"/Users/fernando.pena/Developer/repos/PomeloCardsReactNativeDemo/ios/Pods/Headers/Public/React-jsinspector\"\ \"/Users/fernando.pena/Developer/repos/PomeloCardsReactNativeDemo/ios/Pods/Headers/Public/React-logger\"\ \"/Users/fernando.pena/Developer/repos/PomeloCardsReactNativeDemo/ios/Pods/Headers/Public/React-perflogger\"\ \"/Users/fernando.pena/Developer/repos/PomeloCardsReactNativeDemo/ios/Pods/Headers/Public/React-runtimeexecutor\"\ \"/Users/fernando.pena/Developer/repos/PomeloCardsReactNativeDemo/ios/Pods/Headers/Public/ReactCommon\"\ \"/Users/fernando.pena/Developer/repos/PomeloCardsReactNativeDemo/ios/Pods/Headers/Public/SocketRocket\"\ \"/Users/fernando.pena/Developer/repos/PomeloCardsReactNativeDemo/ios/Pods/Headers/Public/Yoga\"\ \"/Users/fernando.pena/Developer/repos/PomeloCardsReactNativeDemo/ios/Pods/Headers/Public/YogaKit\"\ \"/Users/fernando.pena/Developer/repos/PomeloCardsReactNativeDemo/ios/Pods/Headers/Public/fmt\"\ \"/Users/fernando.pena/Developer/repos/PomeloCardsReactNativeDemo/ios/Pods/Headers/Public/glog\"\ \"/Users/fernando.pena/Developer/repos/PomeloCardsReactNativeDemo/ios/Pods/Headers/Public/hermes-engine\"\ \"/Users/fernando.pena/Developer/repos/PomeloCardsReactNativeDemo/ios/Pods/Headers/Public/libevent\"\ \"/Users/fernando.pena/Developer/repos/PomeloCardsReactNativeDemo/ios/Pods/DoubleConversion\"\ \"/Users/fernando.pena/Developer/repos/PomeloCardsReactNativeDemo/ios/Pods/boost\"\ \"/Users/fernando.pena/Developer/repos/PomeloCardsReactNativeDemo/ios/Pods/Headers/Private/React-Core\"\ \"/include/\"
    export HIDE_BITCODE_SYMBOLS\=YES
    export HOME\=/Users/fernando.pena
    export HOST_PLATFORM\=macosx
    export ICONV\=/usr/bin/iconv
    export INFOPLIST_EXPAND_BUILD_SETTINGS\=YES
    export INFOPLIST_FILE\=PomeloCardsReactNativeDemo/Info.plist
    export INFOPLIST_OUTPUT_FORMAT\=binary
    export INFOPLIST_PATH\=PomeloCardsReactNativeDemo.app/Info.plist
    export INFOPLIST_PREPROCESS\=NO
    export INFOSTRINGS_PATH\=PomeloCardsReactNativeDemo.app/en.lproj/InfoPlist.strings
    export INLINE_PRIVATE_FRAMEWORKS\=NO
    export INSTALLHDRS_COPY_PHASE\=NO
    export INSTALLHDRS_SCRIPT_PHASE\=NO
    export INSTALL_DIR\=/tmp/PomeloCardsReactNativeDemo.dst/Applications
    export INSTALL_GROUP\=staff
    export INSTALL_MODE_FLAG\=u+w,go-w,a+rX
    export INSTALL_OWNER\=fernando.pena
    export INSTALL_PATH\=/Applications
    export INSTALL_ROOT\=/tmp/PomeloCardsReactNativeDemo.dst
    export IPHONEOS_DEPLOYMENT_TARGET\=12.4
    export JAVAC_DEFAULT_FLAGS\=-J-Xms64m\ -J-XX:NewSize\=4M\ -J-Dfile.encoding\=UTF8
    export JAVA_APP_STUB\=/System/Library/Frameworks/JavaVM.framework/Resources/MacOS/JavaApplicationStub
    export JAVA_ARCHIVE_CLASSES\=YES
    export JAVA_ARCHIVE_TYPE\=JAR
    export JAVA_COMPILER\=/usr/bin/javac
    export JAVA_FOLDER_PATH\=PomeloCardsReactNativeDemo.app/Java
    export JAVA_FRAMEWORK_RESOURCES_DIRS\=Resources
    export JAVA_JAR_FLAGS\=cv
    export JAVA_SOURCE_SUBDIR\=.
    export JAVA_USE_DEPENDENCIES\=YES
    export JAVA_ZIP_FLAGS\=-urg
    export JIKES_DEFAULT_FLAGS\=+E\ +OLDCSO
    export KEEP_PRIVATE_EXTERNS\=NO
    export LD_DEPENDENCY_INFO_FILE\=/Users/fernando.pena/Library/Developer/Xcode/DerivedData/PomeloCardsReactNativeDemo-gaeafgybiiemxzducexxhfyaxpat/Build/Intermediates.noindex/PomeloCardsReactNativeDemo.build/Debug-iphonesimulator/PomeloCardsReactNativeDemo.build/Objects-normal/undefined_arch/PomeloCardsReactNativeDemo_dependency_info.dat
    export LD_ENTITLEMENTS_SECTION\=/Users/fernando.pena/Library/Developer/Xcode/DerivedData/PomeloCardsReactNativeDemo-gaeafgybiiemxzducexxhfyaxpat/Build/Intermediates.noindex/PomeloCardsReactNativeDemo.build/Debug-iphonesimulator/PomeloCardsReactNativeDemo.build/PomeloCardsReactNativeDemo.app-Simulated.xcent
    export LD_ENTITLEMENTS_SECTION_DER\=/Users/fernando.pena/Library/Developer/Xcode/DerivedData/PomeloCardsReactNativeDemo-gaeafgybiiemxzducexxhfyaxpat/Build/Intermediates.noindex/PomeloCardsReactNativeDemo.build/Debug-iphonesimulator/PomeloCardsReactNativeDemo.build/PomeloCardsReactNativeDemo.app-Simulated.xcent.der
    export LD_GENERATE_MAP_FILE\=NO
    export LD_MAP_FILE_PATH\=/Users/fernando.pena/Library/Developer/Xcode/DerivedData/PomeloCardsReactNativeDemo-gaeafgybiiemxzducexxhfyaxpat/Build/Intermediates.noindex/PomeloCardsReactNativeDemo.build/Debug-iphonesimulator/PomeloCardsReactNativeDemo.build/PomeloCardsReactNativeDemo-LinkMap-normal-undefined_arch.txt
    export LD_NO_PIE\=NO
    export LD_QUOTE_LINKER_ARGUMENTS_FOR_COMPILER_DRIVER\=YES
    export LD_RUNPATH_SEARCH_PATHS\=/usr/lib/swift\ \ /usr/lib/swift\ \'@executable_path/Frameworks\'\ \'@loader_path/Frameworks\'\ @executable_path/Frameworks
    export LD_RUNPATH_SEARCH_PATHS_YES\=@loader_path/../Frameworks
    export LEGACY_DEVELOPER_DIR\=/Applications/Xcode.app/Contents/PlugIns/Xcode3Core.ideplugin/Contents/SharedSupport/Developer
    export LEX\=lex
    export LIBRARY_DEXT_INSTALL_PATH\=/Library/DriverExtensions
    export LIBRARY_FLAG_NOSPACE\=YES
    export LIBRARY_FLAG_PREFIX\=-l
    export LIBRARY_KEXT_INSTALL_PATH\=/Library/Extensions
    export LIBRARY_SEARCH_PATHS\=/Users/fernando.pena/Library/Developer/Xcode/DerivedData/PomeloCardsReactNativeDemo-gaeafgybiiemxzducexxhfyaxpat/Build/Products/Debug-iphonesimulator\ /Applications/Xcode.app/Contents/Developer/Platforms/iPhoneSimulator.platform/Developer/SDKs/iPhoneSimulator16.2.sdk/usr/lib/swift\ /Applications/Xcode.app/Contents/Developer/Toolchains/XcodeDefault.xctoolchain/usr/lib/swift/iphonesimulator\ /Applications/Xcode.app/Contents/Developer/Toolchains/XcodeDefault.xctoolchain/usr/lib/swift/iphonesimulator\ /Users/fernando.pena/Library/Developer/Xcode/DerivedData/PomeloCardsReactNativeDemo-gaeafgybiiemxzducexxhfyaxpat/Build/Products/Debug-iphonesimulator/CocoaAsyncSocket\ /Users/fernando.pena/Library/Developer/Xcode/DerivedData/PomeloCardsReactNativeDemo-gaeafgybiiemxzducexxhfyaxpat/Build/Products/Debug-iphonesimulator/DoubleConversion\ /Users/fernando.pena/Library/Developer/Xcode/DerivedData/PomeloCardsReactNativeDemo-gaeafgybiiemxzducexxhfyaxpat/Build/Products/Debug-iphonesimulator/Flipper\ /Users/fernando.pena/Library/Developer/Xcode/DerivedData/PomeloCardsReactNativeDemo-gaeafgybiiemxzducexxhfyaxpat/Build/Products/Debug-iphonesimulator/Flipper-Boost-iOSX\ /Users/fernando.pena/Library/Developer/Xcode/DerivedData/PomeloCardsReactNativeDemo-gaeafgybiiemxzducexxhfyaxpat/Build/Products/Debug-iphonesimulator/Flipper-Fmt\ /Users/fernando.pena/Library/Developer/Xcode/DerivedData/PomeloCardsReactNativeDemo-gaeafgybiiemxzducexxhfyaxpat/Build/Products/Debug-iphonesimulator/Flipper-Folly\ /Users/fernando.pena/Library/Developer/Xcode/DerivedData/PomeloCardsReactNativeDemo-gaeafgybiiemxzducexxhfyaxpat/Build/Products/Debug-iphonesimulator/Flipper-PeerTalk\ /Users/fernando.pena/Library/Developer/Xcode/DerivedData/PomeloCardsReactNativeDemo-gaeafgybiiemxzducexxhfyaxpat/Build/Products/Debug-iphonesimulator/Flipper-RSocket\ /Users/fernando.pena/Library/Developer/Xcode/DerivedData/PomeloCardsReactNativeDemo-gaeafgybiiemxzducexxhfyaxpat/Build/Products/Debug-iphonesimulator/FlipperKit\ /Users/fernando.pena/Library/Developer/Xcode/DerivedData/PomeloCardsReactNativeDemo-gaeafgybiiemxzducexxhfyaxpat/Build/Products/Debug-iphonesimulator/RCT-Folly\ /Users/fernando.pena/Library/Developer/Xcode/DerivedData/PomeloCardsReactNativeDemo-gaeafgybiiemxzducexxhfyaxpat/Build/Products/Debug-iphonesimulator/RCTTypeSafety\ /Users/fernando.pena/Library/Developer/Xcode/DerivedData/PomeloCardsReactNativeDemo-gaeafgybiiemxzducexxhfyaxpat/Build/Products/Debug-iphonesimulator/React-Codegen\ /Users/fernando.pena/Library/Developer/Xcode/DerivedData/PomeloCardsReactNativeDemo-gaeafgybiiemxzducexxhfyaxpat/Build/Products/Debug-iphonesimulator/React-Core\ /Users/fernando.pena/Library/Developer/Xcode/DerivedData/PomeloCardsReactNativeDemo-gaeafgybiiemxzducexxhfyaxpat/Build/Products/Debug-iphonesimulator/React-CoreModules\ /Users/fernando.pena/Library/Developer/Xcode/DerivedData/PomeloCardsReactNativeDemo-gaeafgybiiemxzducexxhfyaxpat/Build/Products/Debug-iphonesimulator/React-RCTAnimation\ /Users/fernando.pena/Library/Developer/Xcode/DerivedData/PomeloCardsReactNativeDemo-gaeafgybiiemxzducexxhfyaxpat/Build/Products/Debug-iphonesimulator/React-RCTAppDelegate\ /Users/fernando.pena/Library/Developer/Xcode/DerivedData/PomeloCardsReactNativeDemo-gaeafgybiiemxzducexxhfyaxpat/Build/Products/Debug-iphonesimulator/React-RCTBlob\ /Users/fernando.pena/Library/Developer/Xcode/DerivedData/PomeloCardsReactNativeDemo-gaeafgybiiemxzducexxhfyaxpat/Build/Products/Debug-iphonesimulator/React-RCTImage\ /Users/fernando.pena/Library/Developer/Xcode/DerivedData/PomeloCardsReactNativeDemo-gaeafgybiiemxzducexxhfyaxpat/Build/Products/Debug-iphonesimulator/React-RCTLinking\ /Users/fernando.pena/Library/Developer/Xcode/DerivedData/PomeloCardsReactNativeDemo-gaeafgybiiemxzducexxhfyaxpat/Build/Products/Debug-iphonesimulator/React-RCTNetwork\ /Users/fernando.pena/Library/Developer/Xcode/DerivedData/PomeloCardsReactNativeDemo-gaeafgybiiemxzducexxhfyaxpat/Build/Products/Debug-iphonesimulator/React-RCTSettings\ /Users/fernando.pena/Library/Developer/Xcode/DerivedData/PomeloCardsReactNativeDemo-gaeafgybiiemxzducexxhfyaxpat/Build/Products/Debug-iphonesimulator/React-RCTText\ /Users/fernando.pena/Library/Developer/Xcode/DerivedData/PomeloCardsReactNativeDemo-gaeafgybiiemxzducexxhfyaxpat/Build/Products/Debug-iphonesimulator/React-RCTVibration\ /Users/fernando.pena/Library/Developer/Xcode/DerivedData/PomeloCardsReactNativeDemo-gaeafgybiiemxzducexxhfyaxpat/Build/Products/Debug-iphonesimulator/React-cxxreact\ /Users/fernando.pena/Library/Developer/Xcode/DerivedData/PomeloCardsReactNativeDemo-gaeafgybiiemxzducexxhfyaxpat/Build/Products/Debug-iphonesimulator/React-hermes\ /Users/fernando.pena/Library/Developer/Xcode/DerivedData/PomeloCardsReactNativeDemo-gaeafgybiiemxzducexxhfyaxpat/Build/Products/Debug-iphonesimulator/React-jsi\ /Users/fernando.pena/Library/Developer/Xcode/DerivedData/PomeloCardsReactNativeDemo-gaeafgybiiemxzducexxhfyaxpat/Build/Products/Debug-iphonesimulator/React-jsiexecutor\ /Users/fernando.pena/Library/Developer/Xcode/DerivedData/PomeloCardsReactNativeDemo-gaeafgybiiemxzducexxhfyaxpat/Build/Products/Debug-iphonesimulator/React-jsinspector\ /Users/fernando.pena/Library/Developer/Xcode/DerivedData/PomeloCardsReactNativeDemo-gaeafgybiiemxzducexxhfyaxpat/Build/Products/Debug-iphonesimulator/React-logger\ /Users/fernando.pena/Library/Developer/Xcode/DerivedData/PomeloCardsReactNativeDemo-gaeafgybiiemxzducexxhfyaxpat/Build/Products/Debug-iphonesimulator/React-perflogger\ /Users/fernando.pena/Library/Developer/Xcode/DerivedData/PomeloCardsReactNativeDemo-gaeafgybiiemxzducexxhfyaxpat/Build/Products/Debug-iphonesimulator/ReactCommon\ /Users/fernando.pena/Library/Developer/Xcode/DerivedData/PomeloCardsReactNativeDemo-gaeafgybiiemxzducexxhfyaxpat/Build/Products/Debug-iphonesimulator/SocketRocket\ /Users/fernando.pena/Library/Developer/Xcode/DerivedData/PomeloCardsReactNativeDemo-gaeafgybiiemxzducexxhfyaxpat/Build/Products/Debug-iphonesimulator/Yoga\ /Users/fernando.pena/Library/Developer/Xcode/DerivedData/PomeloCardsReactNativeDemo-gaeafgybiiemxzducexxhfyaxpat/Build/Products/Debug-iphonesimulator/YogaKit\ /Users/fernando.pena/Library/Developer/Xcode/DerivedData/PomeloCardsReactNativeDemo-gaeafgybiiemxzducexxhfyaxpat/Build/Products/Debug-iphonesimulator/fmt\ /Users/fernando.pena/Library/Developer/Xcode/DerivedData/PomeloCardsReactNativeDemo-gaeafgybiiemxzducexxhfyaxpat/Build/Products/Debug-iphonesimulator/glog\ /Users/fernando.pena/Library/Developer/Xcode/DerivedData/PomeloCardsReactNativeDemo-gaeafgybiiemxzducexxhfyaxpat/Build/Products/Debug-iphonesimulator/libevent\ /Applications/Xcode.app/Contents/Developer/Platforms/iPhoneSimulator.platform/Developer/SDKs/iPhoneSimulator16.2.sdk/usr/lib/swift
    export LINKER_DISPLAYS_MANGLED_NAMES\=NO
    export LINK_FILE_LIST_normal_arm64\=/Users/fernando.pena/Library/Developer/Xcode/DerivedData/PomeloCardsReactNativeDemo-gaeafgybiiemxzducexxhfyaxpat/Build/Intermediates.noindex/PomeloCardsReactNativeDemo.build/Debug-iphonesimulator/PomeloCardsReactNativeDemo.build/Objects-normal/arm64/PomeloCardsReactNativeDemo.LinkFileList
    export LINK_OBJC_RUNTIME\=YES
    export LINK_WITH_STANDARD_LIBRARIES\=YES
    export LLVM_TARGET_TRIPLE_OS_VERSION\=ios12.4
    export LLVM_TARGET_TRIPLE_SUFFIX\=-simulator
    export LLVM_TARGET_TRIPLE_VENDOR\=apple
    export LOCALIZATION_EXPORT_SUPPORTED\=YES
    export LOCALIZED_RESOURCES_FOLDER_PATH\=PomeloCardsReactNativeDemo.app/en.lproj
    export LOCALIZED_STRING_MACRO_NAMES\=NSLocalizedString\ CFCopyLocalizedString
    export LOCALIZED_STRING_SWIFTUI_SUPPORT\=YES
    export LOCAL_ADMIN_APPS_DIR\=/Applications/Utilities
    export LOCAL_APPS_DIR\=/Applications
    export LOCAL_DEVELOPER_DIR\=/Library/Developer
    export LOCAL_LIBRARY_DIR\=/Library
    export LOCROOT\=/Users/fernando.pena/Developer/repos/PomeloCardsReactNativeDemo/ios
    export LOCSYMROOT\=/Users/fernando.pena/Developer/repos/PomeloCardsReactNativeDemo/ios
    export MACH_O_TYPE\=mh_execute
    export MAC_OS_X_PRODUCT_BUILD_VERSION\=22D68
    export MAC_OS_X_VERSION_ACTUAL\=130201
    export MAC_OS_X_VERSION_MAJOR\=130000
    export MAC_OS_X_VERSION_MINOR\=130200
    export MARKETING_VERSION\=1.0
    export METAL_LIBRARY_FILE_BASE\=default
    export METAL_LIBRARY_OUTPUT_DIR\=/Users/fernando.pena/Library/Developer/Xcode/DerivedData/PomeloCardsReactNativeDemo-gaeafgybiiemxzducexxhfyaxpat/Build/Products/Debug-iphonesimulator/PomeloCardsReactNativeDemo.app
    export MODULES_FOLDER_PATH\=PomeloCardsReactNativeDemo.app/Modules
    export MODULE_CACHE_DIR\=/Users/fernando.pena/Library/Developer/Xcode/DerivedData/ModuleCache.noindex
    export MTL_ENABLE_DEBUG_INFO\=YES
    export NATIVE_ARCH\=arm64
    export NATIVE_ARCH_32_BIT\=arm
    export NATIVE_ARCH_64_BIT\=arm64
    export NATIVE_ARCH_ACTUAL\=arm64
    export NO_COMMON\=YES
    export OBJC_ABI_VERSION\=2
    export OBJECT_FILE_DIR\=/Users/fernando.pena/Library/Developer/Xcode/DerivedData/PomeloCardsReactNativeDemo-gaeafgybiiemxzducexxhfyaxpat/Build/Intermediates.noindex/PomeloCardsReactNativeDemo.build/Debug-iphonesimulator/PomeloCardsReactNativeDemo.build/Objects
    export OBJECT_FILE_DIR_normal\=/Users/fernando.pena/Library/Developer/Xcode/DerivedData/PomeloCardsReactNativeDemo-gaeafgybiiemxzducexxhfyaxpat/Build/Intermediates.noindex/PomeloCardsReactNativeDemo.build/Debug-iphonesimulator/PomeloCardsReactNativeDemo.build/Objects-normal
    export OBJROOT\=/Users/fernando.pena/Library/Developer/Xcode/DerivedData/PomeloCardsReactNativeDemo-gaeafgybiiemxzducexxhfyaxpat/Build/Intermediates.noindex
    export ONLY_ACTIVE_ARCH\=YES
    export OS\=MACOS
    export OSAC\=/usr/bin/osacompile
    export OTHER_CFLAGS\=\ -fmodule-map-file\=\"/Users/fernando.pena/Library/Developer/Xcode/DerivedData/PomeloCardsReactNativeDemo-gaeafgybiiemxzducexxhfyaxpat/Build/Products/Debug-iphonesimulator/YogaKit/YogaKit.modulemap\"\ -fmodule-map-file\=\"/Users/fernando.pena/Developer/repos/PomeloCardsReactNativeDemo/ios/Pods/Headers/Public/FlipperKit/FlipperKit.modulemap\"\ -fmodule-map-file\=\"/Users/fernando.pena/Developer/repos/PomeloCardsReactNativeDemo/ios/Pods/Headers/Public/RCTTypeSafety/RCTTypeSafety.modulemap\"\ -fmodule-map-file\=\"/Users/fernando.pena/Developer/repos/PomeloCardsReactNativeDemo/ios/Pods/Headers/Public/React/React-Core.modulemap\"\ -fmodule-map-file\=\"/Users/fernando.pena/Developer/repos/PomeloCardsReactNativeDemo/ios/Pods/Headers/Public/ReactCommon/ReactCommon.modulemap\"\ -fmodule-map-file\=\"/Users/fernando.pena/Developer/repos/PomeloCardsReactNativeDemo/ios/Pods/Headers/Public/React_Codegen/React-Codegen.modulemap\"\ -fmodule-map-file\=\"/Users/fernando.pena/Developer/repos/PomeloCardsReactNativeDemo/ios/Pods/Headers/Public/folly/RCT-Folly.modulemap\"\ -fmodule-map-file\=\"/Users/fernando.pena/Developer/repos/PomeloCardsReactNativeDemo/ios/Pods/Headers/Public/yoga/Yoga.modulemap\"
    export OTHER_CPLUSPLUSFLAGS\=\ -fmodule-map-file\=\"/Users/fernando.pena/Library/Developer/Xcode/DerivedData/PomeloCardsReactNativeDemo-gaeafgybiiemxzducexxhfyaxpat/Build/Products/Debug-iphonesimulator/YogaKit/YogaKit.modulemap\"\ -fmodule-map-file\=\"/Users/fernando.pena/Developer/repos/PomeloCardsReactNativeDemo/ios/Pods/Headers/Public/FlipperKit/FlipperKit.modulemap\"\ -fmodule-map-file\=\"/Users/fernando.pena/Developer/repos/PomeloCardsReactNativeDemo/ios/Pods/Headers/Public/RCTTypeSafety/RCTTypeSafety.modulemap\"\ -fmodule-map-file\=\"/Users/fernando.pena/Developer/repos/PomeloCardsReactNativeDemo/ios/Pods/Headers/Public/React/React-Core.modulemap\"\ -fmodule-map-file\=\"/Users/fernando.pena/Developer/repos/PomeloCardsReactNativeDemo/ios/Pods/Headers/Public/ReactCommon/ReactCommon.modulemap\"\ -fmodule-map-file\=\"/Users/fernando.pena/Developer/repos/PomeloCardsReactNativeDemo/ios/Pods/Headers/Public/React_Codegen/React-Codegen.modulemap\"\ -fmodule-map-file\=\"/Users/fernando.pena/Developer/repos/PomeloCardsReactNativeDemo/ios/Pods/Headers/Public/folly/RCT-Folly.modulemap\"\ -fmodule-map-file\=\"/Users/fernando.pena/Developer/repos/PomeloCardsReactNativeDemo/ios/Pods/Headers/Public/yoga/Yoga.modulemap\"\ -DFOLLY_NO_CONFIG\ -DFOLLY_MOBILE\=1\ -DFOLLY_USE_LIBCPP\=1
    export OTHER_LDFLAGS\=\ -ObjC\ -l\"CocoaAsyncSocket\"\ -l\"DoubleConversion\"\ -l\"Flipper\"\ -l\"Flipper-Boost-iOSX\"\ -l\"Flipper-Fmt\"\ -l\"Flipper-Folly\"\ -l\"Flipper-PeerTalk\"\ -l\"Flipper-RSocket\"\ -l\"FlipperKit\"\ -l\"RCT-Folly\"\ -l\"RCTTypeSafety\"\ -l\"React-Codegen\"\ -l\"React-Core\"\ -l\"React-CoreModules\"\ -l\"React-RCTAnimation\"\ -l\"React-RCTAppDelegate\"\ -l\"React-RCTBlob\"\ -l\"React-RCTImage\"\ -l\"React-RCTLinking\"\ -l\"React-RCTNetwork\"\ -l\"React-RCTSettings\"\ -l\"React-RCTText\"\ -l\"React-RCTVibration\"\ -l\"React-cxxreact\"\ -l\"React-hermes\"\ -l\"React-jsi\"\ -l\"React-jsiexecutor\"\ -l\"React-jsinspector\"\ -l\"React-logger\"\ -l\"React-perflogger\"\ -l\"ReactCommon\"\ -l\"SocketRocket\"\ -l\"Yoga\"\ -l\"YogaKit\"\ -l\"c++\"\ -l\"c++abi\"\ -l\"fmt\"\ -l\"glog\"\ -l\"icucore\"\ -l\"libevent\"\ -l\"stdc++\"\ -framework\ \"AudioToolbox\"\ -framework\ \"CFNetwork\"\ -framework\ \"JavaScriptCore\"\ -framework\ \"MobileCoreServices\"\ -framework\ \"OpenSSL\"\ -framework\ \"Security\"\ -framework\ \"UIKit\"\ -framework\ \"double-conversion\"\ -framework\ \"glog\"\ -framework\ \"hermes\"\ -ObjC\ -lc++
    export OTHER_SWIFT_FLAGS\=\ -D\ COCOAPODS\ -Xcc\ -fmodule-map-file\=\"/Users/fernando.pena/Library/Developer/Xcode/DerivedData/PomeloCardsReactNativeDemo-gaeafgybiiemxzducexxhfyaxpat/Build/Products/Debug-iphonesimulator/YogaKit/YogaKit.modulemap\"\ -Xcc\ -fmodule-map-file\=\"/Users/fernando.pena/Developer/repos/PomeloCardsReactNativeDemo/ios/Pods/Headers/Public/FlipperKit/FlipperKit.modulemap\"\ -Xcc\ -fmodule-map-file\=\"/Users/fernando.pena/Developer/repos/PomeloCardsReactNativeDemo/ios/Pods/Headers/Public/RCTTypeSafety/RCTTypeSafety.modulemap\"\ -Xcc\ -fmodule-map-file\=\"/Users/fernando.pena/Developer/repos/PomeloCardsReactNativeDemo/ios/Pods/Headers/Public/React/React-Core.modulemap\"\ -Xcc\ -fmodule-map-file\=\"/Users/fernando.pena/Developer/repos/PomeloCardsReactNativeDemo/ios/Pods/Headers/Public/ReactCommon/ReactCommon.modulemap\"\ -Xcc\ -fmodule-map-file\=\"/Users/fernando.pena/Developer/repos/PomeloCardsReactNativeDemo/ios/Pods/Headers/Public/React_Codegen/React-Codegen.modulemap\"\ -Xcc\ -fmodule-map-file\=\"/Users/fernando.pena/Developer/repos/PomeloCardsReactNativeDemo/ios/Pods/Headers/Public/folly/RCT-Folly.modulemap\"\ -Xcc\ -fmodule-map-file\=\"/Users/fernando.pena/Developer/repos/PomeloCardsReactNativeDemo/ios/Pods/Headers/Public/yoga/Yoga.modulemap\"\ -Xcc\ -DFB_SONARKIT_ENABLED\=1
    export PACKAGE_TYPE\=com.apple.package-type.wrapper.application
    export PASCAL_STRINGS\=YES
    export PATH\=/Applications/Xcode.app/Contents/Developer/Toolchains/XcodeDefault.xctoolchain/usr/bin:/Applications/Xcode.app/Contents/Developer/Toolchains/XcodeDefault.xctoolchain/usr/appleinternal/bin:/Applications/Xcode.app/Contents/Developer/Toolchains/XcodeDefault.xctoolchain/usr/local/bin:/Applications/Xcode.app/Contents/Developer/Toolchains/XcodeDefault.xctoolchain/usr/libexec:/Applications/Xcode.app/Contents/Developer/Platforms/iPhoneSimulator.platform/usr/bin:/Applications/Xcode.app/Contents/Developer/Platforms/iPhoneSimulator.platform/usr/appleinternal/bin:/Applications/Xcode.app/Contents/Developer/Platforms/iPhoneSimulator.platform/usr/local/bin:/Applications/Xcode.app/Contents/Developer/Platforms/iPhoneSimulator.platform/Developer/usr/bin:/Applications/Xcode.app/Contents/Developer/Platforms/iPhoneSimulator.platform/Developer/usr/local/bin:/Applications/Xcode.app/Contents/Developer/usr/bin:/Applications/Xcode.app/Contents/Developer/usr/local/bin:/Users/fernando.pena/.npm/_npx/249ca9fcd30c476a/node_modules/.bin:/Users/fernando.pena/Developer/repos/PomeloCardsReactNativeDemo/node_modules/.bin:/Users/fernando.pena/Developer/repos/node_modules/.bin:/Users/fernando.pena/Developer/node_modules/.bin:/Users/fernando.pena/node_modules/.bin:/Users/node_modules/.bin:/node_modules/.bin:/opt/homebrew/lib/node_modules/npm/node_modules/@npmcli/run-script/lib/node-gyp-bin:/Users/fernando.pena/.rbenv/shims:/Users/fernando.pena/.rbenv/bin:/opt/homebrew/opt/ruby/bin:/opt/homebrew/sbin:/opt/homebrew/bin:/usr/local/bin:/System/Cryptexes/App/usr/bin:/usr/bin:/bin:/usr/sbin:/sbin:/Library/Apple/usr/bin
    export PATH_PREFIXES_EXCLUDED_FROM_HEADER_DEPENDENCIES\=/usr/include\ /usr/local/include\ /System/Library/Frameworks\ /System/Library/PrivateFrameworks\ /Applications/Xcode.app/Contents/Developer/Headers\ /Applications/Xcode.app/Contents/Developer/SDKs\ /Applications/Xcode.app/Contents/Developer/Platforms
    export PBDEVELOPMENTPLIST_PATH\=PomeloCardsReactNativeDemo.app/pbdevelopment.plist
    export PER_ARCH_OBJECT_FILE_DIR\=/Users/fernando.pena/Library/Developer/Xcode/DerivedData/PomeloCardsReactNativeDemo-gaeafgybiiemxzducexxhfyaxpat/Build/Intermediates.noindex/PomeloCardsReactNativeDemo.build/Debug-iphonesimulator/PomeloCardsReactNativeDemo.build/Objects-normal/undefined_arch
    export PER_VARIANT_OBJECT_FILE_DIR\=/Users/fernando.pena/Library/Developer/Xcode/DerivedData/PomeloCardsReactNativeDemo-gaeafgybiiemxzducexxhfyaxpat/Build/Intermediates.noindex/PomeloCardsReactNativeDemo.build/Debug-iphonesimulator/PomeloCardsReactNativeDemo.build/Objects-normal
    export PKGINFO_FILE_PATH\=/Users/fernando.pena/Library/Developer/Xcode/DerivedData/PomeloCardsReactNativeDemo-gaeafgybiiemxzducexxhfyaxpat/Build/Intermediates.noindex/PomeloCardsReactNativeDemo.build/Debug-iphonesimulator/PomeloCardsReactNativeDemo.build/PkgInfo
    export PKGINFO_PATH\=PomeloCardsReactNativeDemo.app/PkgInfo
    export PLATFORM_DEVELOPER_APPLICATIONS_DIR\=/Applications/Xcode.app/Contents/Developer/Platforms/iPhoneSimulator.platform/Developer/Applications
    export PLATFORM_DEVELOPER_BIN_DIR\=/Applications/Xcode.app/Contents/Developer/Platforms/iPhoneSimulator.platform/Developer/usr/bin
    export PLATFORM_DEVELOPER_LIBRARY_DIR\=/Applications/Xcode.app/Contents/Developer/Platforms/iPhoneSimulator.platform/Developer/Library
    export PLATFORM_DEVELOPER_SDK_DIR\=/Applications/Xcode.app/Contents/Developer/Platforms/iPhoneSimulator.platform/Developer/SDKs
    export PLATFORM_DEVELOPER_TOOLS_DIR\=/Applications/Xcode.app/Contents/Developer/Platforms/iPhoneSimulator.platform/Developer/Tools
    export PLATFORM_DEVELOPER_USR_DIR\=/Applications/Xcode.app/Contents/Developer/Platforms/iPhoneSimulator.platform/Developer/usr
    export PLATFORM_DIR\=/Applications/Xcode.app/Contents/Developer/Platforms/iPhoneSimulator.platform
    export PLATFORM_DISPLAY_NAME\=iOS\ Simulator
    export PLATFORM_FAMILY_NAME\=iOS
    export PLATFORM_NAME\=iphonesimulator
    export PLATFORM_PREFERRED_ARCH\=x86_64
    export PLATFORM_PRODUCT_BUILD_VERSION\=20C52
    export PLIST_FILE_OUTPUT_FORMAT\=binary
    export PLUGINS_FOLDER_PATH\=PomeloCardsReactNativeDemo.app/PlugIns
    export PODS_BUILD_DIR\=/Users/fernando.pena/Library/Developer/Xcode/DerivedData/PomeloCardsReactNativeDemo-gaeafgybiiemxzducexxhfyaxpat/Build/Products
    export PODS_CONFIGURATION_BUILD_DIR\=/Users/fernando.pena/Library/Developer/Xcode/DerivedData/PomeloCardsReactNativeDemo-gaeafgybiiemxzducexxhfyaxpat/Build/Products/Debug-iphonesimulator
    export PODS_PODFILE_DIR_PATH\=/Users/fernando.pena/Developer/repos/PomeloCardsReactNativeDemo/ios/.
    export PODS_ROOT\=/Users/fernando.pena/Developer/repos/PomeloCardsReactNativeDemo/ios/Pods
    export PODS_XCFRAMEWORKS_BUILD_DIR\=/Users/fernando.pena/Library/Developer/Xcode/DerivedData/PomeloCardsReactNativeDemo-gaeafgybiiemxzducexxhfyaxpat/Build/Products/Debug-iphonesimulator/XCFrameworkIntermediates
    export PRECOMPS_INCLUDE_HEADERS_FROM_BUILT_PRODUCTS_DIR\=YES
    export PRECOMP_DESTINATION_DIR\=/Users/fernando.pena/Library/Developer/Xcode/DerivedData/PomeloCardsReactNativeDemo-gaeafgybiiemxzducexxhfyaxpat/Build/Intermediates.noindex/PomeloCardsReactNativeDemo.build/Debug-iphonesimulator/PomeloCardsReactNativeDemo.build/PrefixHeaders
    export PRESERVE_DEAD_CODE_INITS_AND_TERMS\=NO
    export PRIVATE_HEADERS_FOLDER_PATH\=PomeloCardsReactNativeDemo.app/PrivateHeaders
    export PRODUCT_BUNDLE_IDENTIFIER\=org.reactjs.native.example.PomeloCardsReactNativeDemo
    export PRODUCT_BUNDLE_PACKAGE_TYPE\=APPL
    export PRODUCT_MODULE_NAME\=PomeloCardsReactNativeDemo
    export PRODUCT_NAME\=PomeloCardsReactNativeDemo
    export PRODUCT_SETTINGS_PATH\=/Users/fernando.pena/Developer/repos/PomeloCardsReactNativeDemo/ios/PomeloCardsReactNativeDemo/Info.plist
    export PRODUCT_TYPE\=com.apple.product-type.application
    export PROFILING_CODE\=NO
    export PROJECT\=PomeloCardsReactNativeDemo
    export PROJECT_DERIVED_FILE_DIR\=/Users/fernando.pena/Library/Developer/Xcode/DerivedData/PomeloCardsReactNativeDemo-gaeafgybiiemxzducexxhfyaxpat/Build/Intermediates.noindex/PomeloCardsReactNativeDemo.build/DerivedSources
    export PROJECT_DIR\=/Users/fernando.pena/Developer/repos/PomeloCardsReactNativeDemo/ios
    export PROJECT_FILE_PATH\=/Users/fernando.pena/Developer/repos/PomeloCardsReactNativeDemo/ios/PomeloCardsReactNativeDemo.xcodeproj
    export PROJECT_NAME\=PomeloCardsReactNativeDemo
    export PROJECT_TEMP_DIR\=/Users/fernando.pena/Library/Developer/Xcode/DerivedData/PomeloCardsReactNativeDemo-gaeafgybiiemxzducexxhfyaxpat/Build/Intermediates.noindex/PomeloCardsReactNativeDemo.build
    export PROJECT_TEMP_ROOT\=/Users/fernando.pena/Library/Developer/Xcode/DerivedData/PomeloCardsReactNativeDemo-gaeafgybiiemxzducexxhfyaxpat/Build/Intermediates.noindex
    export PROVISIONING_PROFILE_REQUIRED\=NO
    export PROVISIONING_PROFILE_REQUIRED_YES_YES\=YES
    export PROVISIONING_PROFILE_SUPPORTED\=YES
    export PUBLIC_HEADERS_FOLDER_PATH\=PomeloCardsReactNativeDemo.app/Headers
    export REACT_NATIVE_PATH\=/Users/fernando.pena/Developer/repos/PomeloCardsReactNativeDemo/ios/Pods/../../node_modules/react-native
    export RECOMMENDED_IPHONEOS_DEPLOYMENT_TARGET\=12.5
    export RECURSIVE_SEARCH_PATHS_FOLLOW_SYMLINKS\=YES
    export REMOVE_CVS_FROM_RESOURCES\=YES
    export REMOVE_GIT_FROM_RESOURCES\=YES
    export REMOVE_HEADERS_FROM_EMBEDDED_BUNDLES\=YES
    export REMOVE_HG_FROM_RESOURCES\=YES
    export REMOVE_SVN_FROM_RESOURCES\=YES
    export REZ_COLLECTOR_DIR\=/Users/fernando.pena/Library/Developer/Xcode/DerivedData/PomeloCardsReactNativeDemo-gaeafgybiiemxzducexxhfyaxpat/Build/Intermediates.noindex/PomeloCardsReactNativeDemo.build/Debug-iphonesimulator/PomeloCardsReactNativeDemo.build/ResourceManagerResources
    export REZ_OBJECTS_DIR\=/Users/fernando.pena/Library/Developer/Xcode/DerivedData/PomeloCardsReactNativeDemo-gaeafgybiiemxzducexxhfyaxpat/Build/Intermediates.noindex/PomeloCardsReactNativeDemo.build/Debug-iphonesimulator/PomeloCardsReactNativeDemo.build/ResourceManagerResources/Objects
    export REZ_SEARCH_PATHS\=/Users/fernando.pena/Library/Developer/Xcode/DerivedData/PomeloCardsReactNativeDemo-gaeafgybiiemxzducexxhfyaxpat/Build/Products/Debug-iphonesimulator\ 
    export SCAN_ALL_SOURCE_FILES_FOR_INCLUDES\=NO
    export SCRIPTS_FOLDER_PATH\=PomeloCardsReactNativeDemo.app/Scripts
    export SCRIPT_INPUT_FILE_0\=/Users/fernando.pena/Developer/repos/PomeloCardsReactNativeDemo/ios/.xcode.env.local
    export SCRIPT_INPUT_FILE_1\=/Users/fernando.pena/Developer/repos/PomeloCardsReactNativeDemo/ios/.xcode.env
    export SCRIPT_INPUT_FILE_COUNT\=2
    export SCRIPT_INPUT_FILE_LIST_COUNT\=0
    export SCRIPT_OUTPUT_FILE_COUNT\=0
    export SCRIPT_OUTPUT_FILE_LIST_COUNT\=0
    export SDKROOT\=/Applications/Xcode.app/Contents/Developer/Platforms/iPhoneSimulator.platform/Developer/SDKs/iPhoneSimulator16.2.sdk
    export SDK_DIR\=/Applications/Xcode.app/Contents/Developer/Platforms/iPhoneSimulator.platform/Developer/SDKs/iPhoneSimulator16.2.sdk
    export SDK_DIR_iphonesimulator\=/Applications/Xcode.app/Contents/Developer/Platforms/iPhoneSimulator.platform/Developer/SDKs/iPhoneSimulator16.2.sdk
    export SDK_DIR_iphonesimulator16_2\=/Applications/Xcode.app/Contents/Developer/Platforms/iPhoneSimulator.platform/Developer/SDKs/iPhoneSimulator16.2.sdk
    export SDK_NAME\=iphonesimulator16.2
    export SDK_NAMES\=iphonesimulator16.2
    export SDK_PRODUCT_BUILD_VERSION\=20C52
    export SDK_VERSION\=16.2
    export SDK_VERSION_ACTUAL\=160200
    export SDK_VERSION_MAJOR\=160000
    export SDK_VERSION_MINOR\=160200
    export SED\=/usr/bin/sed
    export SEPARATE_STRIP\=NO
    export SEPARATE_SYMBOL_EDIT\=NO
    export SET_DIR_MODE_OWNER_GROUP\=YES
    export SET_FILE_MODE_OWNER_GROUP\=NO
    export SHALLOW_BUNDLE\=YES
    export SHALLOW_BUNDLE_TRIPLE\=ios-simulator
    export SHALLOW_BUNDLE_ios_macabi\=NO
    export SHALLOW_BUNDLE_macos\=NO
    export SHARED_DERIVED_FILE_DIR\=/Users/fernando.pena/Library/Developer/Xcode/DerivedData/PomeloCardsReactNativeDemo-gaeafgybiiemxzducexxhfyaxpat/Build/Products/Debug-iphonesimulator/DerivedSources
    export SHARED_FRAMEWORKS_FOLDER_PATH\=PomeloCardsReactNativeDemo.app/SharedFrameworks
    export SHARED_PRECOMPS_DIR\=/Users/fernando.pena/Library/Developer/Xcode/DerivedData/PomeloCardsReactNativeDemo-gaeafgybiiemxzducexxhfyaxpat/Build/Intermediates.noindex/PrecompiledHeaders
    export SHARED_SUPPORT_FOLDER_PATH\=PomeloCardsReactNativeDemo.app/SharedSupport
    export SKIP_INSTALL\=NO
    export SOURCE_ROOT\=/Users/fernando.pena/Developer/repos/PomeloCardsReactNativeDemo/ios
    export SRCROOT\=/Users/fernando.pena/Developer/repos/PomeloCardsReactNativeDemo/ios
    export STRINGSDATA_DIR\=/Users/fernando.pena/Library/Developer/Xcode/DerivedData/PomeloCardsReactNativeDemo-gaeafgybiiemxzducexxhfyaxpat/Build/Intermediates.noindex/PomeloCardsReactNativeDemo.build/Debug-iphonesimulator/PomeloCardsReactNativeDemo.build/Objects-normal/undefined_arch
    export STRINGSDATA_ROOT\=/Users/fernando.pena/Library/Developer/Xcode/DerivedData/PomeloCardsReactNativeDemo-gaeafgybiiemxzducexxhfyaxpat/Build/Intermediates.noindex/PomeloCardsReactNativeDemo.build/Debug-iphonesimulator/PomeloCardsReactNativeDemo.build
    export STRINGS_FILE_INFOPLIST_RENAME\=YES
    export STRINGS_FILE_OUTPUT_ENCODING\=binary
    export STRIP_BITCODE_FROM_COPIED_FILES\=NO
    export STRIP_INSTALLED_PRODUCT\=NO
    export STRIP_STYLE\=all
    export STRIP_SWIFT_SYMBOLS\=YES
    export SUPPORTED_DEVICE_FAMILIES\=1,2
    export SUPPORTED_PLATFORMS\=iphoneos\ iphonesimulator
    export SUPPORTS_MACCATALYST\=NO
    export SUPPORTS_ON_DEMAND_RESOURCES\=YES
    export SUPPORTS_TEXT_BASED_API\=NO
    export SWIFT_EMIT_LOC_STRINGS\=NO
    export SWIFT_INCLUDE_PATHS\=/Users/fernando.pena/Library/Developer/Xcode/DerivedData/PomeloCardsReactNativeDemo-gaeafgybiiemxzducexxhfyaxpat/Build/Products/Debug-iphonesimulator\ \ \"/Users/fernando.pena/Library/Developer/Xcode/DerivedData/PomeloCardsReactNativeDemo-gaeafgybiiemxzducexxhfyaxpat/Build/Products/Debug-iphonesimulator/YogaKit\"
    export SWIFT_OPTIMIZATION_LEVEL\=-Onone
    export SWIFT_PLATFORM_TARGET_PREFIX\=ios
    export SWIFT_RESPONSE_FILE_PATH_normal_arm64\=/Users/fernando.pena/Library/Developer/Xcode/DerivedData/PomeloCardsReactNativeDemo-gaeafgybiiemxzducexxhfyaxpat/Build/Intermediates.noindex/PomeloCardsReactNativeDemo.build/Debug-iphonesimulator/PomeloCardsReactNativeDemo.build/Objects-normal/arm64/PomeloCardsReactNativeDemo.SwiftFileList
    export SWIFT_VERSION\=5.0
    export SYMROOT\=/Users/fernando.pena/Library/Developer/Xcode/DerivedData/PomeloCardsReactNativeDemo-gaeafgybiiemxzducexxhfyaxpat/Build/Products
    export SYSTEM_ADMIN_APPS_DIR\=/Applications/Utilities
    export SYSTEM_APPS_DIR\=/Applications
    export SYSTEM_CORE_SERVICES_DIR\=/System/Library/CoreServices
    export SYSTEM_DEMOS_DIR\=/Applications/Extras
    export SYSTEM_DEVELOPER_APPS_DIR\=/Applications/Xcode.app/Contents/Developer/Applications
    export SYSTEM_DEVELOPER_BIN_DIR\=/Applications/Xcode.app/Contents/Developer/usr/bin
    export SYSTEM_DEVELOPER_DEMOS_DIR\=/Applications/Xcode.app/Contents/Developer/Applications/Utilities/Built\ Examples
    export SYSTEM_DEVELOPER_DIR\=/Applications/Xcode.app/Contents/Developer
    export SYSTEM_DEVELOPER_DOC_DIR\=/Applications/Xcode.app/Contents/Developer/ADC\ Reference\ Library
    export SYSTEM_DEVELOPER_GRAPHICS_TOOLS_DIR\=/Applications/Xcode.app/Contents/Developer/Applications/Graphics\ Tools
    export SYSTEM_DEVELOPER_JAVA_TOOLS_DIR\=/Applications/Xcode.app/Contents/Developer/Applications/Java\ Tools
    export SYSTEM_DEVELOPER_PERFORMANCE_TOOLS_DIR\=/Applications/Xcode.app/Contents/Developer/Applications/Performance\ Tools
    export SYSTEM_DEVELOPER_RELEASENOTES_DIR\=/Applications/Xcode.app/Contents/Developer/ADC\ Reference\ Library/releasenotes
    export SYSTEM_DEVELOPER_TOOLS\=/Applications/Xcode.app/Contents/Developer/Tools
    export SYSTEM_DEVELOPER_TOOLS_DOC_DIR\=/Applications/Xcode.app/Contents/Developer/ADC\ Reference\ Library/documentation/DeveloperTools
    export SYSTEM_DEVELOPER_TOOLS_RELEASENOTES_DIR\=/Applications/Xcode.app/Contents/Developer/ADC\ Reference\ Library/releasenotes/DeveloperTools
    export SYSTEM_DEVELOPER_USR_DIR\=/Applications/Xcode.app/Contents/Developer/usr
    export SYSTEM_DEVELOPER_UTILITIES_DIR\=/Applications/Xcode.app/Contents/Developer/Applications/Utilities
    export SYSTEM_DEXT_INSTALL_PATH\=/System/Library/DriverExtensions
    export SYSTEM_DOCUMENTATION_DIR\=/Library/Documentation
    export SYSTEM_EXTENSIONS_FOLDER_PATH\=PomeloCardsReactNativeDemo.app/SystemExtensions
    export SYSTEM_EXTENSIONS_FOLDER_PATH_SHALLOW_BUNDLE_NO\=PomeloCardsReactNativeDemo.app/Library/SystemExtensions
    export SYSTEM_EXTENSIONS_FOLDER_PATH_SHALLOW_BUNDLE_YES\=PomeloCardsReactNativeDemo.app/SystemExtensions
    export SYSTEM_KEXT_INSTALL_PATH\=/System/Library/Extensions
    export SYSTEM_LIBRARY_DIR\=/System/Library
    export TAPI_ENABLE_PROJECT_HEADERS\=NO
    export TAPI_VERIFY_MODE\=ErrorsOnly
    export TARGETED_DEVICE_FAMILY\=1
    export TARGETNAME\=PomeloCardsReactNativeDemo
    export TARGET_BUILD_DIR\=/Users/fernando.pena/Library/Developer/Xcode/DerivedData/PomeloCardsReactNativeDemo-gaeafgybiiemxzducexxhfyaxpat/Build/Products/Debug-iphonesimulator
    export TARGET_DEVICE_IDENTIFIER\=34FC1AAF-BC4E-4723-9542-225501C25B79
    export TARGET_DEVICE_MODEL\=iPhone14,7
    export TARGET_DEVICE_OS_VERSION\=16.2
    export TARGET_DEVICE_PLATFORM_NAME\=iphonesimulator
    export TARGET_NAME\=PomeloCardsReactNativeDemo
    export TARGET_TEMP_DIR\=/Users/fernando.pena/Library/Developer/Xcode/DerivedData/PomeloCardsReactNativeDemo-gaeafgybiiemxzducexxhfyaxpat/Build/Intermediates.noindex/PomeloCardsReactNativeDemo.build/Debug-iphonesimulator/PomeloCardsReactNativeDemo.build
    export TEMP_DIR\=/Users/fernando.pena/Library/Developer/Xcode/DerivedData/PomeloCardsReactNativeDemo-gaeafgybiiemxzducexxhfyaxpat/Build/Intermediates.noindex/PomeloCardsReactNativeDemo.build/Debug-iphonesimulator/PomeloCardsReactNativeDemo.build
    export TEMP_FILES_DIR\=/Users/fernando.pena/Library/Developer/Xcode/DerivedData/PomeloCardsReactNativeDemo-gaeafgybiiemxzducexxhfyaxpat/Build/Intermediates.noindex/PomeloCardsReactNativeDemo.build/Debug-iphonesimulator/PomeloCardsReactNativeDemo.build
    export TEMP_FILE_DIR\=/Users/fernando.pena/Library/Developer/Xcode/DerivedData/PomeloCardsReactNativeDemo-gaeafgybiiemxzducexxhfyaxpat/Build/Intermediates.noindex/PomeloCardsReactNativeDemo.build/Debug-iphonesimulator/PomeloCardsReactNativeDemo.build
    export TEMP_ROOT\=/Users/fernando.pena/Library/Developer/Xcode/DerivedData/PomeloCardsReactNativeDemo-gaeafgybiiemxzducexxhfyaxpat/Build/Intermediates.noindex
    export TEST_FRAMEWORK_SEARCH_PATHS\=\ /Applications/Xcode.app/Contents/Developer/Platforms/iPhoneSimulator.platform/Developer/Library/Frameworks\ /Applications/Xcode.app/Contents/Developer/Platforms/iPhoneSimulator.platform/Developer/SDKs/iPhoneSimulator16.2.sdk/Developer/Library/Frameworks
    export TEST_LIBRARY_SEARCH_PATHS\=\ /Applications/Xcode.app/Contents/Developer/Platforms/iPhoneSimulator.platform/Developer/usr/lib
    export TOOLCHAINS\=com.apple.dt.toolchain.XcodeDefault
    export TOOLCHAIN_DIR\=/Applications/Xcode.app/Contents/Developer/Toolchains/XcodeDefault.xctoolchain
    export TREAT_MISSING_BASELINES_AS_TEST_FAILURES\=NO
    export TeamIdentifierPrefix\=DYK4W76333.
    export UID\=501
    export UNLOCALIZED_RESOURCES_FOLDER_PATH\=PomeloCardsReactNativeDemo.app
    export UNLOCALIZED_RESOURCES_FOLDER_PATH_SHALLOW_BUNDLE_NO\=PomeloCardsReactNativeDemo.app/Resources
    export UNLOCALIZED_RESOURCES_FOLDER_PATH_SHALLOW_BUNDLE_YES\=PomeloCardsReactNativeDemo.app
    export UNSTRIPPED_PRODUCT\=NO
    export USER\=fernando.pena
    export USER_APPS_DIR\=/Users/fernando.pena/Applications
    export USER_LIBRARY_DIR\=/Users/fernando.pena/Library
    export USE_DYNAMIC_NO_PIC\=YES
    export USE_HEADERMAP\=YES
    export USE_HEADER_SYMLINKS\=NO
    export USE_LLVM_TARGET_TRIPLES\=YES
    export USE_LLVM_TARGET_TRIPLES_FOR_CLANG\=YES
    export USE_LLVM_TARGET_TRIPLES_FOR_LD\=YES
    export USE_LLVM_TARGET_TRIPLES_FOR_TAPI\=YES
    export USE_RECURSIVE_SCRIPT_INPUTS_IN_SCRIPT_PHASES\=YES
    export VALIDATE_DEVELOPMENT_ASSET_PATHS\=YES_ERROR
    export VALIDATE_PRODUCT\=NO
    export VALID_ARCHS\=arm64\ arm64e\ i386\ x86_64
    export VERBOSE_PBXCP\=NO
    export VERSIONING_SYSTEM\=apple-generic
    export VERSIONPLIST_PATH\=PomeloCardsReactNativeDemo.app/version.plist
    export VERSION_INFO_BUILDER\=fernando.pena
    export VERSION_INFO_FILE\=PomeloCardsReactNativeDemo_vers.c
    export VERSION_INFO_STRING\=\"@\(\#\)PROGRAM:PomeloCardsReactNativeDemo\ \ PROJECT:PomeloCardsReactNativeDemo-1\"
    export WRAPPER_EXTENSION\=app
    export WRAPPER_NAME\=PomeloCardsReactNativeDemo.app
    export WRAPPER_SUFFIX\=.app
    export WRAP_ASSET_PACKS_IN_SEPARATE_DIRECTORIES\=NO
    export XCODE_APP_SUPPORT_DIR\=/Applications/Xcode.app/Contents/Developer/Library/Xcode
    export XCODE_PRODUCT_BUILD_VERSION\=14C18
    export XCODE_VERSION_ACTUAL\=1420
    export XCODE_VERSION_MAJOR\=1400
    export XCODE_VERSION_MINOR\=1420
    export XPCSERVICES_FOLDER_PATH\=PomeloCardsReactNativeDemo.app/XPCServices
    export YACC\=yacc
    export _WRAPPER_CONTENTS_DIR_SHALLOW_BUNDLE_NO\=/Contents
    export _WRAPPER_PARENT_PATH_SHALLOW_BUNDLE_NO\=/..
    export _WRAPPER_RESOURCES_DIR_SHALLOW_BUNDLE_NO\=/Resources
    export __IS_NOT_MACOS\=YES
    export __IS_NOT_MACOS_macosx\=NO
    export __IS_NOT_SIMULATOR\=NO
    export __IS_NOT_SIMULATOR_simulator\=NO
    export arch\=undefined_arch
    export variant\=normal
    /bin/sh -c /Users/fernando.pena/Library/Developer/Xcode/DerivedData/PomeloCardsReactNativeDemo-gaeafgybiiemxzducexxhfyaxpat/Build/Intermediates.noindex/PomeloCardsReactNativeDemo.build/Debug-iphonesimulator/PomeloCardsReactNativeDemo.build/Script-00DD1BFF1BD5951E006B06BC.sh
Node found at: /opt/homebrew/bin/node
+ DEST=/Users/fernando.pena/Library/Developer/Xcode/DerivedData/PomeloCardsReactNativeDemo-gaeafgybiiemxzducexxhfyaxpat/Build/Products/Debug-iphonesimulator/PomeloCardsReactNativeDemo.app
+ [[ ! -n '' ]]
+ [[ Debug = *Debug* ]]
+ [[ ! iphonesimulator == *simulator ]]
+ [[ -n '' ]]
+ case "$CONFIGURATION" in
+ [[ iphonesimulator == *simulator ]]
+ [[ -n '' ]]
+ echo 'Skipping bundling in Debug for the Simulator (since the packager bundles for you). Use the FORCE_BUNDLING flag to change this behavior.'
Skipping bundling in Debug for the Simulator (since the packager bundles for you). Use the FORCE_BUNDLING flag to change this behavior.
+ exit 0

PhaseScriptExecution [CP]\ Embed\ Pods\ Frameworks /Users/fernando.pena/Library/Developer/Xcode/DerivedData/PomeloCardsReactNativeDemo-gaeafgybiiemxzducexxhfyaxpat/Build/Intermediates.noindex/PomeloCardsReactNativeDemo.build/Debug-iphonesimulator/PomeloCardsReactNativeDemo.build/Script-00EEFC60759A1932668264C0.sh (in target 'PomeloCardsReactNativeDemo' from project 'PomeloCardsReactNativeDemo')
    cd /Users/fernando.pena/Developer/repos/PomeloCardsReactNativeDemo/ios
    /bin/sh -c /Users/fernando.pena/Library/Developer/Xcode/DerivedData/PomeloCardsReactNativeDemo-gaeafgybiiemxzducexxhfyaxpat/Build/Intermediates.noindex/PomeloCardsReactNativeDemo.build/Debug-iphonesimulator/PomeloCardsReactNativeDemo.build/Script-00EEFC60759A1932668264C0.sh
mkdir -p /Users/fernando.pena/Library/Developer/Xcode/DerivedData/PomeloCardsReactNativeDemo-gaeafgybiiemxzducexxhfyaxpat/Build/Products/Debug-iphonesimulator/PomeloCardsReactNativeDemo.app/Frameworks
rsync --delete -av --filter P .*.?????? --links --filter "- CVS/" --filter "- .svn/" --filter "- .git/" --filter "- .hg/" --filter "- Headers" --filter "- PrivateHeaders" --filter "- Modules" "/Users/fernando.pena/Library/Developer/Xcode/DerivedData/PomeloCardsReactNativeDemo-gaeafgybiiemxzducexxhfyaxpat/Build/Products/Debug-iphonesimulator/XCFrameworkIntermediates/Flipper-DoubleConversion/double-conversion.framework" "/Users/fernando.pena/Library/Developer/Xcode/DerivedData/PomeloCardsReactNativeDemo-gaeafgybiiemxzducexxhfyaxpat/Build/Products/Debug-iphonesimulator/PomeloCardsReactNativeDemo.app/Frameworks"
building file list ... done
double-conversion.framework/
double-conversion.framework/double-conversion
double-conversion.framework/_CodeSignature/CodeResources

sent 470826 bytes  received 70 bytes  941792.00 bytes/sec
total size is 471211  speedup is 1.00
Stripped /Users/fernando.pena/Library/Developer/Xcode/DerivedData/PomeloCardsReactNativeDemo-gaeafgybiiemxzducexxhfyaxpat/Build/Products/Debug-iphonesimulator/PomeloCardsReactNativeDemo.app/Frameworks/double-conversion.framework/double-conversion of architectures: x86_64 i386
Code Signing /Users/fernando.pena/Library/Developer/Xcode/DerivedData/PomeloCardsReactNativeDemo-gaeafgybiiemxzducexxhfyaxpat/Build/Products/Debug-iphonesimulator/PomeloCardsReactNativeDemo.app/Frameworks/double-conversion.framework with Identity -
/usr/bin/codesign --force --sign -  --preserve-metadata=identifier,entitlements '/Users/fernando.pena/Library/Developer/Xcode/DerivedData/PomeloCardsReactNativeDemo-gaeafgybiiemxzducexxhfyaxpat/Build/Products/Debug-iphonesimulator/PomeloCardsReactNativeDemo.app/Frameworks/double-conversion.framework'
/Users/fernando.pena/Library/Developer/Xcode/DerivedData/PomeloCardsReactNativeDemo-gaeafgybiiemxzducexxhfyaxpat/Build/Products/Debug-iphonesimulator/PomeloCardsReactNativeDemo.app/Frameworks/double-conversion.framework: replacing existing signature
rsync --delete -av --filter P .*.?????? --links --filter "- CVS/" --filter "- .svn/" --filter "- .git/" --filter "- .hg/" --filter "- Headers" --filter "- PrivateHeaders" --filter "- Modules" "/Users/fernando.pena/Library/Developer/Xcode/DerivedData/PomeloCardsReactNativeDemo-gaeafgybiiemxzducexxhfyaxpat/Build/Products/Debug-iphonesimulator/XCFrameworkIntermediates/Flipper-Glog/glog.framework" "/Users/fernando.pena/Library/Developer/Xcode/DerivedData/PomeloCardsReactNativeDemo-gaeafgybiiemxzducexxhfyaxpat/Build/Products/Debug-iphonesimulator/PomeloCardsReactNativeDemo.app/Frameworks"
building file list ... done
glog.framework/
glog.framework/glog
glog.framework/_CodeSignature/CodeResources

sent 568394 bytes  received 70 bytes  1136928.00 bytes/sec
total size is 568765  speedup is 1.00
Stripped /Users/fernando.pena/Library/Developer/Xcode/DerivedData/PomeloCardsReactNativeDemo-gaeafgybiiemxzducexxhfyaxpat/Build/Products/Debug-iphonesimulator/PomeloCardsReactNativeDemo.app/Frameworks/glog.framework/glog of architectures: x86_64 i386
Code Signing /Users/fernando.pena/Library/Developer/Xcode/DerivedData/PomeloCardsReactNativeDemo-gaeafgybiiemxzducexxhfyaxpat/Build/Products/Debug-iphonesimulator/PomeloCardsReactNativeDemo.app/Frameworks/glog.framework with Identity -
/usr/bin/codesign --force --sign -  --preserve-metadata=identifier,entitlements '/Users/fernando.pena/Library/Developer/Xcode/DerivedData/PomeloCardsReactNativeDemo-gaeafgybiiemxzducexxhfyaxpat/Build/Products/Debug-iphonesimulator/PomeloCardsReactNativeDemo.app/Frameworks/glog.framework'
/Users/fernando.pena/Library/Developer/Xcode/DerivedData/PomeloCardsReactNativeDemo-gaeafgybiiemxzducexxhfyaxpat/Build/Products/Debug-iphonesimulator/PomeloCardsReactNativeDemo.app/Frameworks/glog.framework: replacing existing signature
rsync --delete -av --filter P .*.?????? --links --filter "- CVS/" --filter "- .svn/" --filter "- .git/" --filter "- .hg/" --filter "- Headers" --filter "- PrivateHeaders" --filter "- Modules" "/Users/fernando.pena/Library/Developer/Xcode/DerivedData/PomeloCardsReactNativeDemo-gaeafgybiiemxzducexxhfyaxpat/Build/Products/Debug-iphonesimulator/XCFrameworkIntermediates/OpenSSL-Universal/OpenSSL.framework" "/Users/fernando.pena/Library/Developer/Xcode/DerivedData/PomeloCardsReactNativeDemo-gaeafgybiiemxzducexxhfyaxpat/Build/Products/Debug-iphonesimulator/PomeloCardsReactNativeDemo.app/Frameworks"
building file list ... done
OpenSSL.framework/
OpenSSL.framework/OpenSSL
OpenSSL.framework/_CodeSignature/CodeResources

sent 16121000 bytes  received 70 bytes  32242140.00 bytes/sec
total size is 16119494  speedup is 1.00
Stripped /Users/fernando.pena/Library/Developer/Xcode/DerivedData/PomeloCardsReactNativeDemo-gaeafgybiiemxzducexxhfyaxpat/Build/Products/Debug-iphonesimulator/PomeloCardsReactNativeDemo.app/Frameworks/OpenSSL.framework/OpenSSL of architectures: x86_64 i386
Code Signing /Users/fernando.pena/Library/Developer/Xcode/DerivedData/PomeloCardsReactNativeDemo-gaeafgybiiemxzducexxhfyaxpat/Build/Products/Debug-iphonesimulator/PomeloCardsReactNativeDemo.app/Frameworks/OpenSSL.framework with Identity -
/usr/bin/codesign --force --sign -  --preserve-metadata=identifier,entitlements '/Users/fernando.pena/Library/Developer/Xcode/DerivedData/PomeloCardsReactNativeDemo-gaeafgybiiemxzducexxhfyaxpat/Build/Products/Debug-iphonesimulator/PomeloCardsReactNativeDemo.app/Frameworks/OpenSSL.framework'
/Users/fernando.pena/Library/Developer/Xcode/DerivedData/PomeloCardsReactNativeDemo-gaeafgybiiemxzducexxhfyaxpat/Build/Products/Debug-iphonesimulator/PomeloCardsReactNativeDemo.app/Frameworks/OpenSSL.framework: replacing existing signature
rsync --delete -av --filter P .*.?????? --links --filter "- CVS/" --filter "- .svn/" --filter "- .git/" --filter "- .hg/" --filter "- Headers" --filter "- PrivateHeaders" --filter "- Modules" "/Users/fernando.pena/Library/Developer/Xcode/DerivedData/PomeloCardsReactNativeDemo-gaeafgybiiemxzducexxhfyaxpat/Build/Products/Debug-iphonesimulator/XCFrameworkIntermediates/hermes-engine/Pre-built/hermes.framework" "/Users/fernando.pena/Library/Developer/Xcode/DerivedData/PomeloCardsReactNativeDemo-gaeafgybiiemxzducexxhfyaxpat/Build/Products/Debug-iphonesimulator/PomeloCardsReactNativeDemo.app/Frameworks"
building file list ... done
deleting hermes.framework/_CodeSignature/CodeResources
deleting hermes.framework/_CodeSignature/
hermes.framework/
hermes.framework/hermes

sent 6629754 bytes  received 48 bytes  13259604.00 bytes/sec
total size is 6629582  speedup is 1.00
Stripped /Users/fernando.pena/Library/Developer/Xcode/DerivedData/PomeloCardsReactNativeDemo-gaeafgybiiemxzducexxhfyaxpat/Build/Products/Debug-iphonesimulator/PomeloCardsReactNativeDemo.app/Frameworks/hermes.framework/hermes of architectures: x86_64
Code Signing /Users/fernando.pena/Library/Developer/Xcode/DerivedData/PomeloCardsReactNativeDemo-gaeafgybiiemxzducexxhfyaxpat/Build/Products/Debug-iphonesimulator/PomeloCardsReactNativeDemo.app/Frameworks/hermes.framework with Identity -
/usr/bin/codesign --force --sign -  --preserve-metadata=identifier,entitlements '/Users/fernando.pena/Library/Developer/Xcode/DerivedData/PomeloCardsReactNativeDemo-gaeafgybiiemxzducexxhfyaxpat/Build/Products/Debug-iphonesimulator/PomeloCardsReactNativeDemo.app/Frameworks/hermes.framework'
/Users/fernando.pena/Library/Developer/Xcode/DerivedData/PomeloCardsReactNativeDemo-gaeafgybiiemxzducexxhfyaxpat/Build/Products/Debug-iphonesimulator/PomeloCardsReactNativeDemo.app/Frameworks/hermes.framework: replacing existing signature

CopySwiftLibs /Users/fernando.pena/Library/Developer/Xcode/DerivedData/PomeloCardsReactNativeDemo-gaeafgybiiemxzducexxhfyaxpat/Build/Products/Debug-iphonesimulator/PomeloCardsReactNativeDemo.app (in target 'PomeloCardsReactNativeDemo' from project 'PomeloCardsReactNativeDemo')
    cd /Users/fernando.pena/Developer/repos/PomeloCardsReactNativeDemo/ios
    builtin-swiftStdLibTool --copy --verbose --sign - --scan-executable /Users/fernando.pena/Library/Developer/Xcode/DerivedData/PomeloCardsReactNativeDemo-gaeafgybiiemxzducexxhfyaxpat/Build/Products/Debug-iphonesimulator/PomeloCardsReactNativeDemo.app/PomeloCardsReactNativeDemo --scan-folder /Users/fernando.pena/Library/Developer/Xcode/DerivedData/PomeloCardsReactNativeDemo-gaeafgybiiemxzducexxhfyaxpat/Build/Products/Debug-iphonesimulator/PomeloCardsReactNativeDemo.app/Frameworks --scan-folder /Users/fernando.pena/Library/Developer/Xcode/DerivedData/PomeloCardsReactNativeDemo-gaeafgybiiemxzducexxhfyaxpat/Build/Products/Debug-iphonesimulator/PomeloCardsReactNativeDemo.app/PlugIns --scan-folder /Users/fernando.pena/Library/Developer/Xcode/DerivedData/PomeloCardsReactNativeDemo-gaeafgybiiemxzducexxhfyaxpat/Build/Products/Debug-iphonesimulator/PomeloCardsReactNativeDemo.app/SystemExtensions --scan-folder /Users/fernando.pena/Library/Developer/Xcode/DerivedData/PomeloCardsReactNativeDemo-gaeafgybiiemxzducexxhfyaxpat/Build/Products/Debug-iphonesimulator/PomeloCardsReactNativeDemo.app/Extensions --platform iphonesimulator --toolchain /Applications/Xcode.app/Contents/Developer/Toolchains/XcodeDefault.xctoolchain --destination /Users/fernando.pena/Library/Developer/Xcode/DerivedData/PomeloCardsReactNativeDemo-gaeafgybiiemxzducexxhfyaxpat/Build/Products/Debug-iphonesimulator/PomeloCardsReactNativeDemo.app/Frameworks --strip-bitcode --strip-bitcode-tool /Applications/Xcode.app/Contents/Developer/Toolchains/XcodeDefault.xctoolchain/usr/bin/bitcode_strip --emit-dependency-info /Users/fernando.pena/Library/Developer/Xcode/DerivedData/PomeloCardsReactNativeDemo-gaeafgybiiemxzducexxhfyaxpat/Build/Intermediates.noindex/PomeloCardsReactNativeDemo.build/Debug-iphonesimulator/PomeloCardsReactNativeDemo.build/SwiftStdLibToolInputDependencies.dep --filter-for-swift-os

GenerateDSYMFile /Users/fernando.pena/Library/Developer/Xcode/DerivedData/PomeloCardsReactNativeDemo-gaeafgybiiemxzducexxhfyaxpat/Build/Products/Debug-iphonesimulator/PomeloCardsReactNativeDemo.app.dSYM /Users/fernando.pena/Library/Developer/Xcode/DerivedData/PomeloCardsReactNativeDemo-gaeafgybiiemxzducexxhfyaxpat/Build/Products/Debug-iphonesimulator/PomeloCardsReactNativeDemo.app/PomeloCardsReactNativeDemo (in target 'PomeloCardsReactNativeDemo' from project 'PomeloCardsReactNativeDemo')
    cd /Users/fernando.pena/Developer/repos/PomeloCardsReactNativeDemo/ios
    /Applications/Xcode.app/Contents/Developer/Toolchains/XcodeDefault.xctoolchain/usr/bin/dsymutil /Users/fernando.pena/Library/Developer/Xcode/DerivedData/PomeloCardsReactNativeDemo-gaeafgybiiemxzducexxhfyaxpat/Build/Products/Debug-iphonesimulator/PomeloCardsReactNativeDemo.app/PomeloCardsReactNativeDemo -o /Users/fernando.pena/Library/Developer/Xcode/DerivedData/PomeloCardsReactNativeDemo-gaeafgybiiemxzducexxhfyaxpat/Build/Products/Debug-iphonesimulator/PomeloCardsReactNativeDemo.app.dSYM

CodeSign /Users/fernando.pena/Library/Developer/Xcode/DerivedData/PomeloCardsReactNativeDemo-gaeafgybiiemxzducexxhfyaxpat/Build/Products/Debug-iphonesimulator/PomeloCardsReactNativeDemo.app (in target 'PomeloCardsReactNativeDemo' from project 'PomeloCardsReactNativeDemo')
    cd /Users/fernando.pena/Developer/repos/PomeloCardsReactNativeDemo/ios
    
    Signing Identity:     "-"
    
    /usr/bin/codesign --force --sign - --entitlements /Users/fernando.pena/Library/Developer/Xcode/DerivedData/PomeloCardsReactNativeDemo-gaeafgybiiemxzducexxhfyaxpat/Build/Intermediates.noindex/PomeloCardsReactNativeDemo.build/Debug-iphonesimulator/PomeloCardsReactNativeDemo.build/PomeloCardsReactNativeDemo.app.xcent --timestamp\=none --generate-entitlement-der /Users/fernando.pena/Library/Developer/Xcode/DerivedData/PomeloCardsReactNativeDemo-gaeafgybiiemxzducexxhfyaxpat/Build/Products/Debug-iphonesimulator/PomeloCardsReactNativeDemo.app

Validate /Users/fernando.pena/Library/Developer/Xcode/DerivedData/PomeloCardsReactNativeDemo-gaeafgybiiemxzducexxhfyaxpat/Build/Products/Debug-iphonesimulator/PomeloCardsReactNativeDemo.app (in target 'PomeloCardsReactNativeDemo' from project 'PomeloCardsReactNativeDemo')
    cd /Users/fernando.pena/Developer/repos/PomeloCardsReactNativeDemo/ios
    builtin-validationUtility /Users/fernando.pena/Library/Developer/Xcode/DerivedData/PomeloCardsReactNativeDemo-gaeafgybiiemxzducexxhfyaxpat/Build/Products/Debug-iphonesimulator/PomeloCardsReactNativeDemo.app

** BUILD SUCCEEDED **

